  [1m[35m (2.2ms)[0m  [1m[34mSELECT sqlite_version(*)[0m
  [1m[35m (1.0ms)[0m  [1m[34mSELECT sqlite_version(*)[0m
  [1m[35m (108.1ms)[0m  [1m[35mCREATE TABLE "schema_migrations" ("version" varchar NOT NULL PRIMARY KEY)[0m
  [1m[35m (110.1ms)[0m  [1m[35mCREATE TABLE "ar_internal_metadata" ("key" varchar NOT NULL PRIMARY KEY, "value" varchar, "created_at" datetime(6) NOT NULL, "updated_at" datetime(6) NOT NULL)[0m
  [1m[35m (0.3ms)[0m  [1m[34mSELECT "schema_migrations"."version" FROM "schema_migrations" ORDER BY "schema_migrations"."version" ASC[0m
Migrating to CreateUsers (20201022151421)
  [1m[35m (0.1ms)[0m  [1m[36mbegin transaction[0m
  [1m[35m (0.8ms)[0m  [1m[35mCREATE TABLE "users" ("id" integer PRIMARY KEY AUTOINCREMENT NOT NULL, "first_name" varchar, "last_name" varchar, "description" text, "email" varchar, "age" integer, "created_at" datetime(6) NOT NULL, "updated_at" datetime(6) NOT NULL)[0m
  [1m[36mprimary::SchemaMigration Create (0.3ms)[0m  [1m[32mINSERT INTO "schema_migrations" ("version") VALUES (?)[0m  [["version", "20201022151421"]]
  [1m[35m (118.7ms)[0m  [1m[36mcommit transaction[0m
  [1m[36mActiveRecord::InternalMetadata Load (0.7ms)[0m  [1m[34mSELECT "ar_internal_metadata".* FROM "ar_internal_metadata" WHERE "ar_internal_metadata"."key" = ? LIMIT ?[0m  [["key", "environment"], ["LIMIT", 1]]
  [1m[35m (0.1ms)[0m  [1m[36mbegin transaction[0m
  [1m[36mActiveRecord::InternalMetadata Create (0.4ms)[0m  [1m[32mINSERT INTO "ar_internal_metadata" ("key", "value", "created_at", "updated_at") VALUES (?, ?, ?, ?)[0m  [["key", "environment"], ["value", "development"], ["created_at", "2020-10-22 15:14:38.110896"], ["updated_at", "2020-10-22 15:14:38.110896"]]
  [1m[35m (60.6ms)[0m  [1m[36mcommit transaction[0m
  [1m[35m (0.1ms)[0m  [1m[34mSELECT sqlite_version(*)[0m
  [1m[35m (0.2ms)[0m  [1m[34mSELECT "schema_migrations"."version" FROM "schema_migrations" ORDER BY "schema_migrations"."version" ASC[0m
  [1m[35m (0.6ms)[0m  [1m[34mSELECT sqlite_version(*)[0m
  [1m[35m (0.2ms)[0m  [1m[34mSELECT "schema_migrations"."version" FROM "schema_migrations" ORDER BY "schema_migrations"."version" ASC[0m
  [1m[35m (0.5ms)[0m  [1m[34mSELECT sqlite_version(*)[0m
  [1m[35m (0.2ms)[0m  [1m[34mSELECT "schema_migrations"."version" FROM "schema_migrations" ORDER BY "schema_migrations"."version" ASC[0m
  [1m[35m (0.5ms)[0m  [1m[34mSELECT sqlite_version(*)[0m
  [1m[35m (0.3ms)[0m  [1m[34mSELECT "schema_migrations"."version" FROM "schema_migrations" ORDER BY "schema_migrations"."version" ASC[0m
  [1m[35m (0.1ms)[0m  [1m[34mSELECT sqlite_version(*)[0m
  [1m[35m (0.1ms)[0m  [1m[36mbegin transaction[0m
  [1m[36mUser Create (1.1ms)[0m  [1m[32mINSERT INTO "users" ("first_name", "last_name", "email", "age", "created_at", "updated_at") VALUES (?, ?, ?, ?, ?, ?)[0m  [["first_name", "Pete"], ["last_name", "Lubowitz"], ["email", "@gmail.com"], ["age", 28], ["created_at", "2020-10-22 15:24:41.471610"], ["updated_at", "2020-10-22 15:24:41.471610"]]
  [1m[35m (98.9ms)[0m  [1m[36mcommit transaction[0m
  [1m[35m (0.1ms)[0m  [1m[36mbegin transaction[0m
  [1m[36mUser Create (1.4ms)[0m  [1m[32mINSERT INTO "users" ("first_name", "last_name", "email", "age", "created_at", "updated_at") VALUES (?, ?, ?, ?, ?, ?)[0m  [["first_name", "Magan"], ["last_name", "Hahn"], ["email", "@gmail.com"], ["age", 29], ["created_at", "2020-10-22 15:24:41.579814"], ["updated_at", "2020-10-22 15:24:41.579814"]]
  [1m[35m (51.3ms)[0m  [1m[36mcommit transaction[0m
  [1m[35m (0.1ms)[0m  [1m[36mbegin transaction[0m
  [1m[36mUser Create (0.5ms)[0m  [1m[32mINSERT INTO "users" ("first_name", "last_name", "email", "age", "created_at", "updated_at") VALUES (?, ?, ?, ?, ?, ?)[0m  [["first_name", "Edwin"], ["last_name", "Weissnat"], ["email", "@gmail.com"], ["age", 21], ["created_at", "2020-10-22 15:24:41.646454"], ["updated_at", "2020-10-22 15:24:41.646454"]]
  [1m[35m (110.1ms)[0m  [1m[36mcommit transaction[0m
  [1m[35m (0.1ms)[0m  [1m[36mbegin transaction[0m
  [1m[36mUser Create (0.4ms)[0m  [1m[32mINSERT INTO "users" ("first_name", "last_name", "email", "age", "created_at", "updated_at") VALUES (?, ?, ?, ?, ?, ?)[0m  [["first_name", "Verona"], ["last_name", "Okuneva"], ["email", "@gmail.com"], ["age", 35], ["created_at", "2020-10-22 15:24:41.765435"], ["updated_at", "2020-10-22 15:24:41.765435"]]
  [1m[35m (60.4ms)[0m  [1m[36mcommit transaction[0m
  [1m[35m (0.1ms)[0m  [1m[36mbegin transaction[0m
  [1m[36mUser Create (0.4ms)[0m  [1m[32mINSERT INTO "users" ("first_name", "last_name", "email", "age", "created_at", "updated_at") VALUES (?, ?, ?, ?, ?, ?)[0m  [["first_name", "Guillermo"], ["last_name", "Johnson"], ["email", "@gmail.com"], ["age", 29], ["created_at", "2020-10-22 15:24:41.834460"], ["updated_at", "2020-10-22 15:24:41.834460"]]
  [1m[35m (46.5ms)[0m  [1m[36mcommit transaction[0m
  [1m[35m (0.1ms)[0m  [1m[36mbegin transaction[0m
  [1m[36mUser Create (0.4ms)[0m  [1m[32mINSERT INTO "users" ("first_name", "last_name", "email", "age", "created_at", "updated_at") VALUES (?, ?, ?, ?, ?, ?)[0m  [["first_name", "Dylan"], ["last_name", "Prohaska"], ["email", "@gmail.com"], ["age", 26], ["created_at", "2020-10-22 15:24:41.890014"], ["updated_at", "2020-10-22 15:24:41.890014"]]
  [1m[35m (47.0ms)[0m  [1m[36mcommit transaction[0m
  [1m[35m (0.1ms)[0m  [1m[36mbegin transaction[0m
  [1m[36mUser Create (1.4ms)[0m  [1m[32mINSERT INTO "users" ("first_name", "last_name", "email", "age", "created_at", "updated_at") VALUES (?, ?, ?, ?, ?, ?)[0m  [["first_name", "Royce"], ["last_name", "Borer"], ["email", "@gmail.com"], ["age", 35], ["created_at", "2020-10-22 15:24:41.946089"], ["updated_at", "2020-10-22 15:24:41.946089"]]
  [1m[35m (67.5ms)[0m  [1m[36mcommit transaction[0m
  [1m[35m (0.1ms)[0m  [1m[36mbegin transaction[0m
  [1m[36mUser Create (1.1ms)[0m  [1m[32mINSERT INTO "users" ("first_name", "last_name", "email", "age", "created_at", "updated_at") VALUES (?, ?, ?, ?, ?, ?)[0m  [["first_name", "Laurence"], ["last_name", "DuBuque"], ["email", "@gmail.com"], ["age", 27], ["created_at", "2020-10-22 15:24:42.023344"], ["updated_at", "2020-10-22 15:24:42.023344"]]
  [1m[35m (61.3ms)[0m  [1m[36mcommit transaction[0m
  [1m[35m (0.1ms)[0m  [1m[36mbegin transaction[0m
  [1m[36mUser Create (0.4ms)[0m  [1m[32mINSERT INTO "users" ("first_name", "last_name", "email", "age", "created_at", "updated_at") VALUES (?, ?, ?, ?, ?, ?)[0m  [["first_name", "Dorian"], ["last_name", "Sporer"], ["email", "@gmail.com"], ["age", 39], ["created_at", "2020-10-22 15:24:42.100537"], ["updated_at", "2020-10-22 15:24:42.100537"]]
  [1m[35m (58.5ms)[0m  [1m[36mcommit transaction[0m
  [1m[35m (0.1ms)[0m  [1m[36mbegin transaction[0m
  [1m[36mUser Create (0.5ms)[0m  [1m[32mINSERT INTO "users" ("first_name", "last_name", "email", "age", "created_at", "updated_at") VALUES (?, ?, ?, ?, ?, ?)[0m  [["first_name", "Antionette"], ["last_name", "Jacobs"], ["email", "@gmail.com"], ["age", 30], ["created_at", "2020-10-22 15:24:42.166795"], ["updated_at", "2020-10-22 15:24:42.166795"]]
  [1m[35m (70.1ms)[0m  [1m[36mcommit transaction[0m
  [1m[35m (0.5ms)[0m  [1m[34mSELECT sqlite_version(*)[0m
  [1m[36mUser Load (0.3ms)[0m  [1m[34mSELECT "users".* FROM "users" LIMIT ?[0m  [["LIMIT", 11]]
  [1m[35m (0.5ms)[0m  [1m[34mSELECT sqlite_version(*)[0m
  [1m[35m (0.2ms)[0m  [1m[34mSELECT "schema_migrations"."version" FROM "schema_migrations" ORDER BY "schema_migrations"."version" ASC[0m
  [1m[35m (0.2ms)[0m  [1m[34mSELECT "ar_internal_metadata"."value" FROM "ar_internal_metadata" WHERE "ar_internal_metadata"."key" = ?[0m  [["key", "environment"]]
  [1m[35m (0.1ms)[0m  [1m[34mSELECT "schema_migrations"."version" FROM "schema_migrations" ORDER BY "schema_migrations"."version" ASC[0m
  [1m[35m (0.1ms)[0m  [1m[34mSELECT "ar_internal_metadata"."value" FROM "ar_internal_metadata" WHERE "ar_internal_metadata"."key" = ?[0m  [["key", "environment"]]
  [1m[35m (0.1ms)[0m  [1m[34mSELECT "schema_migrations"."version" FROM "schema_migrations" ORDER BY "schema_migrations"."version" ASC[0m
  [1m[35m (0.1ms)[0m  [1m[34mSELECT "ar_internal_metadata"."value" FROM "ar_internal_metadata" WHERE "ar_internal_metadata"."key" = ?[0m  [["key", "environment"]]
  [1m[35m (0.6ms)[0m  [1m[34mSELECT sqlite_version(*)[0m
  [1m[35m (0.6ms)[0m  [1m[34mSELECT sqlite_version(*)[0m
  [1m[35m (0.6ms)[0m  [1m[34mSELECT sqlite_version(*)[0m
  [1m[35m (115.7ms)[0m  [1m[35mCREATE TABLE "schema_migrations" ("version" varchar NOT NULL PRIMARY KEY)[0m
  [1m[35m (74.7ms)[0m  [1m[35mCREATE TABLE "ar_internal_metadata" ("key" varchar NOT NULL PRIMARY KEY, "value" varchar, "created_at" datetime(6) NOT NULL, "updated_at" datetime(6) NOT NULL)[0m
  [1m[35m (0.4ms)[0m  [1m[34mSELECT "schema_migrations"."version" FROM "schema_migrations" ORDER BY "schema_migrations"."version" ASC[0m
Migrating to CreateUsers (20201022151421)
  [1m[35m (0.1ms)[0m  [1m[36mbegin transaction[0m
  [1m[35m (1.4ms)[0m  [1m[35mCREATE TABLE "users" ("id" integer PRIMARY KEY AUTOINCREMENT NOT NULL, "first_name" varchar, "last_name" varchar, "description" text, "email" varchar, "age" integer, "created_at" datetime(6) NOT NULL, "updated_at" datetime(6) NOT NULL)[0m
  [1m[36mprimary::SchemaMigration Create (0.3ms)[0m  [1m[32mINSERT INTO "schema_migrations" ("version") VALUES (?)[0m  [["version", "20201022151421"]]
  [1m[35m (87.3ms)[0m  [1m[36mcommit transaction[0m
  [1m[36mActiveRecord::InternalMetadata Load (0.3ms)[0m  [1m[34mSELECT "ar_internal_metadata".* FROM "ar_internal_metadata" WHERE "ar_internal_metadata"."key" = ? LIMIT ?[0m  [["key", "environment"], ["LIMIT", 1]]
  [1m[35m (0.1ms)[0m  [1m[36mbegin transaction[0m
  [1m[36mActiveRecord::InternalMetadata Create (1.4ms)[0m  [1m[32mINSERT INTO "ar_internal_metadata" ("key", "value", "created_at", "updated_at") VALUES (?, ?, ?, ?)[0m  [["key", "environment"], ["value", "development"], ["created_at", "2020-10-22 15:29:55.259402"], ["updated_at", "2020-10-22 15:29:55.259402"]]
  [1m[35m (76.7ms)[0m  [1m[36mcommit transaction[0m
  [1m[35m (0.2ms)[0m  [1m[34mSELECT sqlite_version(*)[0m
  [1m[35m (0.2ms)[0m  [1m[34mSELECT "schema_migrations"."version" FROM "schema_migrations" ORDER BY "schema_migrations"."version" ASC[0m
  [1m[35m (0.5ms)[0m  [1m[34mSELECT sqlite_version(*)[0m
  [1m[35m (0.2ms)[0m  [1m[34mSELECT "schema_migrations"."version" FROM "schema_migrations" ORDER BY "schema_migrations"."version" ASC[0m
  [1m[35m (0.1ms)[0m  [1m[34mSELECT sqlite_version(*)[0m
  [1m[35m (0.1ms)[0m  [1m[36mbegin transaction[0m
  [1m[36mUser Create (1.2ms)[0m  [1m[32mINSERT INTO "users" ("first_name", "last_name", "description", "email", "age", "created_at", "updated_at") VALUES (?, ?, ?, ?, ?, ?, ?)[0m  [["first_name", "Oliver"], ["last_name", "Koelpin"], ["description", "Aut facilis alias ut."], ["email", "joseph@denesik.net"], ["age", 25], ["created_at", "2020-10-22 15:30:03.072066"], ["updated_at", "2020-10-22 15:30:03.072066"]]
  [1m[35m (128.1ms)[0m  [1m[36mcommit transaction[0m
  [1m[35m (0.1ms)[0m  [1m[36mbegin transaction[0m
  [1m[36mUser Create (1.8ms)[0m  [1m[32mINSERT INTO "users" ("first_name", "last_name", "description", "email", "age", "created_at", "updated_at") VALUES (?, ?, ?, ?, ?, ?, ?)[0m  [["first_name", "Franklyn"], ["last_name", "Ankunding"], ["description", "Necessitatibus dolorum eveniet quaerat."], ["email", "ji_hilpert@kuhn-heaney.info"], ["age", 27], ["created_at", "2020-10-22 15:30:03.210967"], ["updated_at", "2020-10-22 15:30:03.210967"]]
  [1m[35m (62.8ms)[0m  [1m[36mcommit transaction[0m
  [1m[35m (0.1ms)[0m  [1m[36mbegin transaction[0m
  [1m[36mUser Create (2.2ms)[0m  [1m[32mINSERT INTO "users" ("first_name", "last_name", "description", "email", "age", "created_at", "updated_at") VALUES (?, ?, ?, ?, ?, ?, ?)[0m  [["first_name", "Faith"], ["last_name", "Kuvalis"], ["description", "Itaque similique rerum aut."], ["email", "lidia_corwin@graham-fahey.io"], ["age", 39], ["created_at", "2020-10-22 15:30:03.285479"], ["updated_at", "2020-10-22 15:30:03.285479"]]
  [1m[35m (63.4ms)[0m  [1m[36mcommit transaction[0m
  [1m[35m (0.1ms)[0m  [1m[36mbegin transaction[0m
  [1m[36mUser Create (0.4ms)[0m  [1m[32mINSERT INTO "users" ("first_name", "last_name", "description", "email", "age", "created_at", "updated_at") VALUES (?, ?, ?, ?, ?, ?, ?)[0m  [["first_name", "Alejandro"], ["last_name", "Collier"], ["description", "Veniam maiores quas unde."], ["email", "rupert@reichert.com"], ["age", 33], ["created_at", "2020-10-22 15:30:03.362124"], ["updated_at", "2020-10-22 15:30:03.362124"]]
  [1m[35m (62.4ms)[0m  [1m[36mcommit transaction[0m
  [1m[35m (0.1ms)[0m  [1m[36mbegin transaction[0m
  [1m[36mUser Create (0.4ms)[0m  [1m[32mINSERT INTO "users" ("first_name", "last_name", "description", "email", "age", "created_at", "updated_at") VALUES (?, ?, ?, ?, ?, ?, ?)[0m  [["first_name", "Irving"], ["last_name", "Olson"], ["description", "Sapiente quo est provident."], ["email", "elwanda@beier.com"], ["age", 35], ["created_at", "2020-10-22 15:30:03.433301"], ["updated_at", "2020-10-22 15:30:03.433301"]]
  [1m[35m (79.7ms)[0m  [1m[36mcommit transaction[0m
  [1m[35m (0.1ms)[0m  [1m[36mbegin transaction[0m
  [1m[36mUser Create (4.2ms)[0m  [1m[32mINSERT INTO "users" ("first_name", "last_name", "description", "email", "age", "created_at", "updated_at") VALUES (?, ?, ?, ?, ?, ?, ?)[0m  [["first_name", "Lyndon"], ["last_name", "Gottlieb"], ["description", "Est quia aut ea."], ["email", "isaias@hessel-davis.net"], ["age", 38], ["created_at", "2020-10-22 15:30:03.527559"], ["updated_at", "2020-10-22 15:30:03.527559"]]
  [1m[35m (71.1ms)[0m  [1m[36mcommit transaction[0m
  [1m[35m (0.1ms)[0m  [1m[36mbegin transaction[0m
  [1m[36mUser Create (0.5ms)[0m  [1m[32mINSERT INTO "users" ("first_name", "last_name", "description", "email", "age", "created_at", "updated_at") VALUES (?, ?, ?, ?, ?, ?, ?)[0m  [["first_name", "Markus"], ["last_name", "Kuhlman"], ["description", "Corrupti earum omnis fugiat."], ["email", "winford@schamberger.io"], ["age", 27], ["created_at", "2020-10-22 15:30:03.611231"], ["updated_at", "2020-10-22 15:30:03.611231"]]
  [1m[35m (68.3ms)[0m  [1m[36mcommit transaction[0m
  [1m[35m (0.1ms)[0m  [1m[36mbegin transaction[0m
  [1m[36mUser Create (1.4ms)[0m  [1m[32mINSERT INTO "users" ("first_name", "last_name", "description", "email", "age", "created_at", "updated_at") VALUES (?, ?, ?, ?, ?, ?, ?)[0m  [["first_name", "Maurita"], ["last_name", "Abernathy"], ["description", "Voluptatem sequi laudantium quia."], ["email", "nelda@fritsch.net"], ["age", 40], ["created_at", "2020-10-22 15:30:03.689994"], ["updated_at", "2020-10-22 15:30:03.689994"]]
  [1m[35m (63.9ms)[0m  [1m[36mcommit transaction[0m
  [1m[35m (0.1ms)[0m  [1m[36mbegin transaction[0m
  [1m[36mUser Create (2.1ms)[0m  [1m[32mINSERT INTO "users" ("first_name", "last_name", "description", "email", "age", "created_at", "updated_at") VALUES (?, ?, ?, ?, ?, ?, ?)[0m  [["first_name", "Max"], ["last_name", "Conroy"], ["description", "Quas ratione deserunt aperiam."], ["email", "sherrie@yost.biz"], ["age", 40], ["created_at", "2020-10-22 15:30:03.764243"], ["updated_at", "2020-10-22 15:30:03.764243"]]
  [1m[35m (66.3ms)[0m  [1m[36mcommit transaction[0m
  [1m[35m (0.1ms)[0m  [1m[36mbegin transaction[0m
  [1m[36mUser Create (1.3ms)[0m  [1m[32mINSERT INTO "users" ("first_name", "last_name", "description", "email", "age", "created_at", "updated_at") VALUES (?, ?, ?, ?, ?, ?, ?)[0m  [["first_name", "Erin"], ["last_name", "Hyatt"], ["description", "Iste ullam error odit."], ["email", "shaniqua@stoltenberg.io"], ["age", 20], ["created_at", "2020-10-22 15:30:03.841974"], ["updated_at", "2020-10-22 15:30:03.841974"]]
  [1m[35m (67.8ms)[0m  [1m[36mcommit transaction[0m
  [1m[35m (0.6ms)[0m  [1m[34mSELECT sqlite_version(*)[0m
  [1m[36mUser Load (0.5ms)[0m  [1m[34mSELECT "users".* FROM "users" LIMIT ?[0m  [["LIMIT", 11]]
  [1m[35m (0.6ms)[0m  [1m[34mSELECT sqlite_version(*)[0m
  [1m[36mUser Load (0.4ms)[0m  [1m[34mSELECT "users".* FROM "users" LIMIT ?[0m  [["LIMIT", 11]]
  [1m[35m (0.6ms)[0m  [1m[34mSELECT sqlite_version(*)[0m
  [1m[35m (0.2ms)[0m  [1m[34mSELECT "schema_migrations"."version" FROM "schema_migrations" ORDER BY "schema_migrations"."version" ASC[0m
Migrating to CreateCities (20201022153538)
  [1m[35m (0.1ms)[0m  [1m[36mbegin transaction[0m
  [1m[35m (1.7ms)[0m  [1m[35mCREATE TABLE "cities" ("id" integer PRIMARY KEY AUTOINCREMENT NOT NULL, "name" varchar, "zip_code" varchar, "created_at" datetime(6) NOT NULL, "updated_at" datetime(6) NOT NULL)[0m
  [1m[36mprimary::SchemaMigration Create (1.6ms)[0m  [1m[32mINSERT INTO "schema_migrations" ("version") VALUES (?)[0m  [["version", "20201022153538"]]
  [1m[35m (153.6ms)[0m  [1m[36mcommit transaction[0m
  [1m[36mActiveRecord::InternalMetadata Load (0.2ms)[0m  [1m[34mSELECT "ar_internal_metadata".* FROM "ar_internal_metadata" WHERE "ar_internal_metadata"."key" = ? LIMIT ?[0m  [["key", "environment"], ["LIMIT", 1]]
  [1m[35m (0.1ms)[0m  [1m[34mSELECT sqlite_version(*)[0m
  [1m[35m (0.2ms)[0m  [1m[34mSELECT "schema_migrations"."version" FROM "schema_migrations" ORDER BY "schema_migrations"."version" ASC[0m
  [1m[35m (0.6ms)[0m  [1m[34mSELECT sqlite_version(*)[0m
  [1m[35m (0.2ms)[0m  [1m[34mSELECT "schema_migrations"."version" FROM "schema_migrations" ORDER BY "schema_migrations"."version" ASC[0m
  [1m[35m (0.1ms)[0m  [1m[34mSELECT sqlite_version(*)[0m
  [1m[35m (0.1ms)[0m  [1m[36mbegin transaction[0m
  [1m[36mCity Create (0.5ms)[0m  [1m[32mINSERT INTO "cities" ("name", "zip_code", "created_at", "updated_at") VALUES (?, ?, ?, ?)[0m  [["name", "Valeneton"], ["zip_code", "62658"], ["created_at", "2020-10-22 15:37:00.305136"], ["updated_at", "2020-10-22 15:37:00.305136"]]
  [1m[35m (128.8ms)[0m  [1m[36mcommit transaction[0m
  [1m[35m (0.1ms)[0m  [1m[36mbegin transaction[0m
  [1m[36mCity Create (0.9ms)[0m  [1m[32mINSERT INTO "cities" ("name", "zip_code", "created_at", "updated_at") VALUES (?, ?, ?, ?)[0m  [["name", "Schmelerfort"], ["zip_code", "72856-6013"], ["created_at", "2020-10-22 15:37:00.441963"], ["updated_at", "2020-10-22 15:37:00.441963"]]
  [1m[35m (79.9ms)[0m  [1m[36mcommit transaction[0m
  [1m[35m (3.0ms)[0m  [1m[36mbegin transaction[0m
  [1m[36mCity Create (2.0ms)[0m  [1m[32mINSERT INTO "cities" ("name", "zip_code", "created_at", "updated_at") VALUES (?, ?, ?, ?)[0m  [["name", "South Gerardo"], ["zip_code", "50614-0812"], ["created_at", "2020-10-22 15:37:00.531307"], ["updated_at", "2020-10-22 15:37:00.531307"]]
  [1m[35m (80.7ms)[0m  [1m[36mcommit transaction[0m
  [1m[35m (0.1ms)[0m  [1m[36mbegin transaction[0m
  [1m[36mCity Create (1.0ms)[0m  [1m[32mINSERT INTO "cities" ("name", "zip_code", "created_at", "updated_at") VALUES (?, ?, ?, ?)[0m  [["name", "Malikchester"], ["zip_code", "43852"], ["created_at", "2020-10-22 15:37:00.629559"], ["updated_at", "2020-10-22 15:37:00.629559"]]
  [1m[35m (69.3ms)[0m  [1m[36mcommit transaction[0m
  [1m[35m (0.1ms)[0m  [1m[36mbegin transaction[0m
  [1m[36mCity Create (1.0ms)[0m  [1m[32mINSERT INTO "cities" ("name", "zip_code", "created_at", "updated_at") VALUES (?, ?, ?, ?)[0m  [["name", "Kathlineside"], ["zip_code", "58921-8948"], ["created_at", "2020-10-22 15:37:00.707869"], ["updated_at", "2020-10-22 15:37:00.707869"]]
  [1m[35m (73.9ms)[0m  [1m[36mcommit transaction[0m
  [1m[35m (0.1ms)[0m  [1m[36mbegin transaction[0m
  [1m[36mCity Create (1.7ms)[0m  [1m[32mINSERT INTO "cities" ("name", "zip_code", "created_at", "updated_at") VALUES (?, ?, ?, ?)[0m  [["name", "Port Kiana"], ["zip_code", "31235-8502"], ["created_at", "2020-10-22 15:37:00.792204"], ["updated_at", "2020-10-22 15:37:00.792204"]]
  [1m[35m (87.3ms)[0m  [1m[36mcommit transaction[0m
  [1m[35m (0.1ms)[0m  [1m[36mbegin transaction[0m
  [1m[36mCity Create (2.3ms)[0m  [1m[32mINSERT INTO "cities" ("name", "zip_code", "created_at", "updated_at") VALUES (?, ?, ?, ?)[0m  [["name", "East Shaniqua"], ["zip_code", "94756-8444"], ["created_at", "2020-10-22 15:37:00.889076"], ["updated_at", "2020-10-22 15:37:00.889076"]]
  [1m[35m (67.3ms)[0m  [1m[36mcommit transaction[0m
  [1m[35m (0.1ms)[0m  [1m[36mbegin transaction[0m
  [1m[36mCity Create (0.4ms)[0m  [1m[32mINSERT INTO "cities" ("name", "zip_code", "created_at", "updated_at") VALUES (?, ?, ?, ?)[0m  [["name", "Kallieside"], ["zip_code", "53970-8368"], ["created_at", "2020-10-22 15:37:00.967519"], ["updated_at", "2020-10-22 15:37:00.967519"]]
  [1m[35m (80.6ms)[0m  [1m[36mcommit transaction[0m
  [1m[35m (0.1ms)[0m  [1m[36mbegin transaction[0m
  [1m[36mCity Create (1.4ms)[0m  [1m[32mINSERT INTO "cities" ("name", "zip_code", "created_at", "updated_at") VALUES (?, ?, ?, ?)[0m  [["name", "Lake Carter"], ["zip_code", "40333-9806"], ["created_at", "2020-10-22 15:37:01.056991"], ["updated_at", "2020-10-22 15:37:01.056991"]]
  [1m[35m (79.2ms)[0m  [1m[36mcommit transaction[0m
  [1m[35m (0.1ms)[0m  [1m[36mbegin transaction[0m
  [1m[36mCity Create (0.4ms)[0m  [1m[32mINSERT INTO "cities" ("name", "zip_code", "created_at", "updated_at") VALUES (?, ?, ?, ?)[0m  [["name", "Lake Mirian"], ["zip_code", "01093"], ["created_at", "2020-10-22 15:37:01.145559"], ["updated_at", "2020-10-22 15:37:01.145559"]]
  [1m[35m (79.5ms)[0m  [1m[36mcommit transaction[0m
  [1m[35m (0.6ms)[0m  [1m[34mSELECT sqlite_version(*)[0m
  [1m[36mCity Load (0.4ms)[0m  [1m[34mSELECT "cities".* FROM "cities" LIMIT ?[0m  [["LIMIT", 11]]
  [1m[35m (0.5ms)[0m  [1m[34mSELECT sqlite_version(*)[0m
  [1m[35m (0.2ms)[0m  [1m[34mSELECT "schema_migrations"."version" FROM "schema_migrations" ORDER BY "schema_migrations"."version" ASC[0m
  [1m[36mActiveRecord::InternalMetadata Load (0.2ms)[0m  [1m[34mSELECT "ar_internal_metadata".* FROM "ar_internal_metadata" WHERE "ar_internal_metadata"."key" = ? LIMIT ?[0m  [["key", "environment"], ["LIMIT", 1]]
  [1m[35m (0.1ms)[0m  [1m[34mSELECT sqlite_version(*)[0m
  [1m[35m (0.2ms)[0m  [1m[34mSELECT "schema_migrations"."version" FROM "schema_migrations" ORDER BY "schema_migrations"."version" ASC[0m
  [1m[35m (0.5ms)[0m  [1m[34mSELECT sqlite_version(*)[0m
  [1m[35m (0.2ms)[0m  [1m[34mSELECT "schema_migrations"."version" FROM "schema_migrations" ORDER BY "schema_migrations"."version" ASC[0m
  [1m[35m (0.5ms)[0m  [1m[34mSELECT sqlite_version(*)[0m
  [1m[35m (0.2ms)[0m  [1m[34mSELECT "schema_migrations"."version" FROM "schema_migrations" ORDER BY "schema_migrations"."version" ASC[0m
  [1m[35m (0.6ms)[0m  [1m[34mSELECT sqlite_version(*)[0m
  [1m[35m (0.2ms)[0m  [1m[34mSELECT "schema_migrations"."version" FROM "schema_migrations" ORDER BY "schema_migrations"."version" ASC[0m
Migrating to CreatePotins (20201022155017)
  [1m[35m (0.1ms)[0m  [1m[36mbegin transaction[0m
  [1m[35m (0.7ms)[0m  [1m[35mCREATE TABLE "potins" ("id" integer PRIMARY KEY AUTOINCREMENT NOT NULL, "title" varchar, "content" text, "created_at" datetime(6) NOT NULL, "updated_at" datetime(6) NOT NULL)[0m
  [1m[36mprimary::SchemaMigration Create (0.3ms)[0m  [1m[32mINSERT INTO "schema_migrations" ("version") VALUES (?)[0m  [["version", "20201022155017"]]
  [1m[35m (195.4ms)[0m  [1m[36mcommit transaction[0m
  [1m[36mActiveRecord::InternalMetadata Load (0.4ms)[0m  [1m[34mSELECT "ar_internal_metadata".* FROM "ar_internal_metadata" WHERE "ar_internal_metadata"."key" = ? LIMIT ?[0m  [["key", "environment"], ["LIMIT", 1]]
  [1m[35m (0.1ms)[0m  [1m[34mSELECT sqlite_version(*)[0m
  [1m[35m (0.3ms)[0m  [1m[34mSELECT "schema_migrations"."version" FROM "schema_migrations" ORDER BY "schema_migrations"."version" ASC[0m
  [1m[35m (0.5ms)[0m  [1m[34mSELECT sqlite_version(*)[0m
  [1m[35m (0.2ms)[0m  [1m[34mSELECT "schema_migrations"."version" FROM "schema_migrations" ORDER BY "schema_migrations"."version" ASC[0m
  [1m[35m (0.6ms)[0m  [1m[34mSELECT sqlite_version(*)[0m
  [1m[35m (0.2ms)[0m  [1m[34mSELECT "schema_migrations"."version" FROM "schema_migrations" ORDER BY "schema_migrations"."version" ASC[0m
  [1m[35m (0.1ms)[0m  [1m[34mSELECT sqlite_version(*)[0m
  [1m[35m (0.5ms)[0m  [1m[34mSELECT sqlite_version(*)[0m
  [1m[35m (0.2ms)[0m  [1m[34mSELECT "schema_migrations"."version" FROM "schema_migrations" ORDER BY "schema_migrations"."version" ASC[0m
  [1m[35m (0.1ms)[0m  [1m[34mSELECT sqlite_version(*)[0m
  [1m[35m (0.1ms)[0m  [1m[36mbegin transaction[0m
  [1m[36mPotin Create (0.7ms)[0m  [1m[32mINSERT INTO "potins" ("title", "content", "created_at", "updated_at") VALUES (?, ?, ?, ?)[0m  [["title", "nulla"], ["content", "Facere voluptatibus illum quo."], ["created_at", "2020-10-22 15:53:53.613855"], ["updated_at", "2020-10-22 15:53:53.613855"]]
  [1m[35m (77.4ms)[0m  [1m[36mcommit transaction[0m
  [1m[35m (0.1ms)[0m  [1m[36mbegin transaction[0m
  [1m[36mPotin Create (0.5ms)[0m  [1m[32mINSERT INTO "potins" ("title", "content", "created_at", "updated_at") VALUES (?, ?, ?, ?)[0m  [["title", "et"], ["content", "Sit a eaque aut."], ["created_at", "2020-10-22 15:53:53.698990"], ["updated_at", "2020-10-22 15:53:53.698990"]]
  [1m[35m (79.9ms)[0m  [1m[36mcommit transaction[0m
  [1m[35m (0.1ms)[0m  [1m[36mbegin transaction[0m
  [1m[36mPotin Create (0.4ms)[0m  [1m[32mINSERT INTO "potins" ("title", "content", "created_at", "updated_at") VALUES (?, ?, ?, ?)[0m  [["title", "omnis"], ["content", "Laboriosam eaque nemo dolores."], ["created_at", "2020-10-22 15:53:53.787907"], ["updated_at", "2020-10-22 15:53:53.787907"]]
  [1m[35m (86.7ms)[0m  [1m[36mcommit transaction[0m
  [1m[35m (0.1ms)[0m  [1m[36mbegin transaction[0m
  [1m[36mPotin Create (0.5ms)[0m  [1m[32mINSERT INTO "potins" ("title", "content", "created_at", "updated_at") VALUES (?, ?, ?, ?)[0m  [["title", "maiores"], ["content", "Est officiis cumque doloribus."], ["created_at", "2020-10-22 15:53:53.882925"], ["updated_at", "2020-10-22 15:53:53.882925"]]
  [1m[35m (86.4ms)[0m  [1m[36mcommit transaction[0m
  [1m[35m (0.1ms)[0m  [1m[36mbegin transaction[0m
  [1m[36mPotin Create (2.3ms)[0m  [1m[32mINSERT INTO "potins" ("title", "content", "created_at", "updated_at") VALUES (?, ?, ?, ?)[0m  [["title", "dolor"], ["content", "Quia tempora iusto atque."], ["created_at", "2020-10-22 15:53:53.978285"], ["updated_at", "2020-10-22 15:53:53.978285"]]
  [1m[35m (80.9ms)[0m  [1m[36mcommit transaction[0m
  [1m[35m (0.1ms)[0m  [1m[36mbegin transaction[0m
  [1m[36mPotin Create (3.0ms)[0m  [1m[32mINSERT INTO "potins" ("title", "content", "created_at", "updated_at") VALUES (?, ?, ?, ?)[0m  [["title", "iusto"], ["content", "Et iure tempora voluptatem."], ["created_at", "2020-10-22 15:53:54.068983"], ["updated_at", "2020-10-22 15:53:54.068983"]]
  [1m[35m (76.1ms)[0m  [1m[36mcommit transaction[0m
  [1m[35m (0.1ms)[0m  [1m[36mbegin transaction[0m
  [1m[36mPotin Create (0.7ms)[0m  [1m[32mINSERT INTO "potins" ("title", "content", "created_at", "updated_at") VALUES (?, ?, ?, ?)[0m  [["title", "sit"], ["content", "Consequatur vel tenetur perferendis."], ["created_at", "2020-10-22 15:53:54.154863"], ["updated_at", "2020-10-22 15:53:54.154863"]]
  [1m[35m (90.7ms)[0m  [1m[36mcommit transaction[0m
  [1m[35m (0.1ms)[0m  [1m[36mbegin transaction[0m
  [1m[36mPotin Create (0.4ms)[0m  [1m[32mINSERT INTO "potins" ("title", "content", "created_at", "updated_at") VALUES (?, ?, ?, ?)[0m  [["title", "minus"], ["content", "Minus dignissimos repudiandae dolor."], ["created_at", "2020-10-22 15:53:54.255013"], ["updated_at", "2020-10-22 15:53:54.255013"]]
  [1m[35m (92.5ms)[0m  [1m[36mcommit transaction[0m
  [1m[35m (0.1ms)[0m  [1m[36mbegin transaction[0m
  [1m[36mPotin Create (0.5ms)[0m  [1m[32mINSERT INTO "potins" ("title", "content", "created_at", "updated_at") VALUES (?, ?, ?, ?)[0m  [["title", "aut"], ["content", "Et et et adipisci."], ["created_at", "2020-10-22 15:53:54.356493"], ["updated_at", "2020-10-22 15:53:54.356493"]]
  [1m[35m (79.9ms)[0m  [1m[36mcommit transaction[0m
  [1m[35m (0.1ms)[0m  [1m[36mbegin transaction[0m
  [1m[36mPotin Create (0.5ms)[0m  [1m[32mINSERT INTO "potins" ("title", "content", "created_at", "updated_at") VALUES (?, ?, ?, ?)[0m  [["title", "omnis"], ["content", "Nemo deleniti est non."], ["created_at", "2020-10-22 15:53:54.444860"], ["updated_at", "2020-10-22 15:53:54.444860"]]
  [1m[35m (80.6ms)[0m  [1m[36mcommit transaction[0m
  [1m[35m (0.1ms)[0m  [1m[36mbegin transaction[0m
  [1m[36mPotin Create (2.0ms)[0m  [1m[32mINSERT INTO "potins" ("title", "content", "created_at", "updated_at") VALUES (?, ?, ?, ?)[0m  [["title", "consequatur"], ["content", "Dolor consequatur totam laboriosam."], ["created_at", "2020-10-22 15:53:54.534048"], ["updated_at", "2020-10-22 15:53:54.534048"]]
  [1m[35m (78.7ms)[0m  [1m[36mcommit transaction[0m
  [1m[35m (0.1ms)[0m  [1m[36mbegin transaction[0m
  [1m[36mPotin Create (0.4ms)[0m  [1m[32mINSERT INTO "potins" ("title", "content", "created_at", "updated_at") VALUES (?, ?, ?, ?)[0m  [["title", "nihil"], ["content", "Consequatur maxime aut in."], ["created_at", "2020-10-22 15:53:54.622609"], ["updated_at", "2020-10-22 15:53:54.622609"]]
  [1m[35m (80.5ms)[0m  [1m[36mcommit transaction[0m
  [1m[35m (0.1ms)[0m  [1m[36mbegin transaction[0m
  [1m[36mPotin Create (1.4ms)[0m  [1m[32mINSERT INTO "potins" ("title", "content", "created_at", "updated_at") VALUES (?, ?, ?, ?)[0m  [["title", "voluptas"], ["content", "Quibusdam vel error incidunt."], ["created_at", "2020-10-22 15:53:54.711291"], ["updated_at", "2020-10-22 15:53:54.711291"]]
  [1m[35m (87.8ms)[0m  [1m[36mcommit transaction[0m
  [1m[35m (0.1ms)[0m  [1m[36mbegin transaction[0m
  [1m[36mPotin Create (1.4ms)[0m  [1m[32mINSERT INTO "potins" ("title", "content", "created_at", "updated_at") VALUES (?, ?, ?, ?)[0m  [["title", "pariatur"], ["content", "Ipsum quis quisquam suscipit."], ["created_at", "2020-10-22 15:53:54.824723"], ["updated_at", "2020-10-22 15:53:54.824723"]]
  [1m[35m (82.1ms)[0m  [1m[36mcommit transaction[0m
  [1m[35m (0.1ms)[0m  [1m[36mbegin transaction[0m
  [1m[36mPotin Create (2.5ms)[0m  [1m[32mINSERT INTO "potins" ("title", "content", "created_at", "updated_at") VALUES (?, ?, ?, ?)[0m  [["title", "repellat"], ["content", "Voluptas eum est consectetur."], ["created_at", "2020-10-22 15:53:54.915825"], ["updated_at", "2020-10-22 15:53:54.915825"]]
  [1m[35m (86.9ms)[0m  [1m[36mcommit transaction[0m
  [1m[35m (0.1ms)[0m  [1m[36mbegin transaction[0m
  [1m[36mPotin Create (1.4ms)[0m  [1m[32mINSERT INTO "potins" ("title", "content", "created_at", "updated_at") VALUES (?, ?, ?, ?)[0m  [["title", "ipsum"], ["content", "Aut dolore voluptatem consequuntur."], ["created_at", "2020-10-22 15:53:55.013469"], ["updated_at", "2020-10-22 15:53:55.013469"]]
  [1m[35m (78.0ms)[0m  [1m[36mcommit transaction[0m
  [1m[35m (0.2ms)[0m  [1m[36mbegin transaction[0m
  [1m[36mPotin Create (0.6ms)[0m  [1m[32mINSERT INTO "potins" ("title", "content", "created_at", "updated_at") VALUES (?, ?, ?, ?)[0m  [["title", "expedita"], ["content", "Ex inventore soluta non."], ["created_at", "2020-10-22 15:53:55.102920"], ["updated_at", "2020-10-22 15:53:55.102920"]]
  [1m[35m (88.4ms)[0m  [1m[36mcommit transaction[0m
  [1m[35m (0.1ms)[0m  [1m[36mbegin transaction[0m
  [1m[36mPotin Create (0.6ms)[0m  [1m[32mINSERT INTO "potins" ("title", "content", "created_at", "updated_at") VALUES (?, ?, ?, ?)[0m  [["title", "nulla"], ["content", "Aut totam ad beatae."], ["created_at", "2020-10-22 15:53:55.201532"], ["updated_at", "2020-10-22 15:53:55.201532"]]
  [1m[35m (77.7ms)[0m  [1m[36mcommit transaction[0m
  [1m[35m (0.1ms)[0m  [1m[36mbegin transaction[0m
  [1m[36mPotin Create (1.6ms)[0m  [1m[32mINSERT INTO "potins" ("title", "content", "created_at", "updated_at") VALUES (?, ?, ?, ?)[0m  [["title", "sapiente"], ["content", "Autem amet eligendi laborum."], ["created_at", "2020-10-22 15:53:55.289968"], ["updated_at", "2020-10-22 15:53:55.289968"]]
  [1m[35m (89.7ms)[0m  [1m[36mcommit transaction[0m
  [1m[35m (0.1ms)[0m  [1m[36mbegin transaction[0m
  [1m[36mPotin Create (1.4ms)[0m  [1m[32mINSERT INTO "potins" ("title", "content", "created_at", "updated_at") VALUES (?, ?, ?, ?)[0m  [["title", "impedit"], ["content", "Consequuntur explicabo expedita pariatur."], ["created_at", "2020-10-22 15:53:55.390642"], ["updated_at", "2020-10-22 15:53:55.390642"]]
  [1m[35m (90.3ms)[0m  [1m[36mcommit transaction[0m
  [1m[35m (0.5ms)[0m  [1m[34mSELECT sqlite_version(*)[0m
  [1m[35m (0.2ms)[0m  [1m[34mSELECT "schema_migrations"."version" FROM "schema_migrations" ORDER BY "schema_migrations"."version" ASC[0m
Migrating to AddUserToPotins (20201022155635)
  [1m[35m (0.1ms)[0m  [1m[36mbegin transaction[0m
  [1m[35m (1.2ms)[0m  [1m[35mALTER TABLE "potins" ADD "user_id" integer[0m
  [1m[35m (0.2ms)[0m  [1m[35mCREATE  INDEX "index_potins_on_user_id" ON "potins" ("user_id")[0m
  [1m[35m (0.1ms)[0m  [1m[35mPRAGMA foreign_keys[0m
  [1m[35m (0.1ms)[0m  [1m[35mPRAGMA defer_foreign_keys[0m
  [1m[35m (0.1ms)[0m  [1m[35mPRAGMA defer_foreign_keys = ON[0m
  [1m[35m (0.1ms)[0m  [1m[35mPRAGMA foreign_keys = OFF[0m
  [1m[35m (0.2ms)[0m  [1m[35mCREATE TEMPORARY TABLE "apotins" ("id" integer NOT NULL PRIMARY KEY, "title" varchar DEFAULT NULL, "content" text DEFAULT NULL, "created_at" datetime(6) NOT NULL, "updated_at" datetime(6) NOT NULL, "user_id" integer DEFAULT NULL)[0m
  [1m[35m (0.2ms)[0m  [1m[35mCREATE  INDEX "tindex_apotins_on_user_id" ON "apotins" ("user_id")[0m
  [1m[35m (0.1ms)[0m  [1m[32mINSERT INTO "apotins" ("id","title","content","created_at","updated_at","user_id")
                     SELECT "id","title","content","created_at","updated_at","user_id" FROM "potins"[0m
  [1m[35m (0.3ms)[0m  [1m[35mDROP TABLE "potins"[0m
  [1m[35m (0.3ms)[0m  [1m[35mCREATE TABLE "potins" ("id" integer NOT NULL PRIMARY KEY, "title" varchar DEFAULT NULL, "content" text DEFAULT NULL, "created_at" datetime(6) NOT NULL, "updated_at" datetime(6) NOT NULL, "user_id" integer DEFAULT NULL, CONSTRAINT "fk_rails_609c735131"
FOREIGN KEY ("user_id")
  REFERENCES "users" ("id")
)[0m
  [1m[35m (0.2ms)[0m  [1m[35mCREATE  INDEX "index_potins_on_user_id" ON "potins" ("user_id")[0m
  [1m[35m (0.2ms)[0m  [1m[32mINSERT INTO "potins" ("id","title","content","created_at","updated_at","user_id")
                     SELECT "id","title","content","created_at","updated_at","user_id" FROM "apotins"[0m
  [1m[35m (0.3ms)[0m  [1m[35mDROP TABLE "apotins"[0m
  [1m[35m (0.1ms)[0m  [1m[35mPRAGMA defer_foreign_keys = 0[0m
  [1m[35m (0.1ms)[0m  [1m[35mPRAGMA foreign_keys = 1[0m
  [1m[36mprimary::SchemaMigration Create (0.3ms)[0m  [1m[32mINSERT INTO "schema_migrations" ("version") VALUES (?)[0m  [["version", "20201022155635"]]
  [1m[35m (165.4ms)[0m  [1m[36mcommit transaction[0m
  [1m[36mActiveRecord::InternalMetadata Load (0.2ms)[0m  [1m[34mSELECT "ar_internal_metadata".* FROM "ar_internal_metadata" WHERE "ar_internal_metadata"."key" = ? LIMIT ?[0m  [["key", "environment"], ["LIMIT", 1]]
  [1m[35m (0.1ms)[0m  [1m[34mSELECT sqlite_version(*)[0m
  [1m[35m (0.2ms)[0m  [1m[34mSELECT "schema_migrations"."version" FROM "schema_migrations" ORDER BY "schema_migrations"."version" ASC[0m
  [1m[35m (0.5ms)[0m  [1m[34mSELECT sqlite_version(*)[0m
  [1m[35m (0.2ms)[0m  [1m[34mSELECT "schema_migrations"."version" FROM "schema_migrations" ORDER BY "schema_migrations"."version" ASC[0m
  [1m[35m (0.1ms)[0m  [1m[34mSELECT sqlite_version(*)[0m
  [1m[36mPotin Load (0.3ms)[0m  [1m[34mSELECT "potins".* FROM "potins"[0m
  [1m[36mUser Load (0.3ms)[0m  [1m[34mSELECT "users".* FROM "users"[0m
  [1m[36mUser Load (0.2ms)[0m  [1m[34mSELECT "users".* FROM "users"[0m
  [1m[36mUser Load (0.2ms)[0m  [1m[34mSELECT "users".* FROM "users"[0m
  [1m[36mUser Load (0.2ms)[0m  [1m[34mSELECT "users".* FROM "users"[0m
  [1m[36mUser Load (0.2ms)[0m  [1m[34mSELECT "users".* FROM "users"[0m
  [1m[36mUser Load (0.2ms)[0m  [1m[34mSELECT "users".* FROM "users"[0m
  [1m[36mUser Load (0.2ms)[0m  [1m[34mSELECT "users".* FROM "users"[0m
  [1m[36mUser Load (0.2ms)[0m  [1m[34mSELECT "users".* FROM "users"[0m
  [1m[36mUser Load (0.2ms)[0m  [1m[34mSELECT "users".* FROM "users"[0m
  [1m[35m (0.5ms)[0m  [1m[34mSELECT sqlite_version(*)[0m
  [1m[35m (0.3ms)[0m  [1m[34mSELECT "schema_migrations"."version" FROM "schema_migrations" ORDER BY "schema_migrations"."version" ASC[0m
  [1m[35m (0.1ms)[0m  [1m[34mSELECT sqlite_version(*)[0m
  [1m[36mPotin Load (0.3ms)[0m  [1m[34mSELECT "potins".* FROM "potins"[0m
  [1m[36mUser Load (0.3ms)[0m  [1m[34mSELECT "users".* FROM "users"[0m
  [1m[36mUser Load (0.2ms)[0m  [1m[34mSELECT "users".* FROM "users"[0m
  [1m[36mUser Load (0.2ms)[0m  [1m[34mSELECT "users".* FROM "users"[0m
  [1m[36mUser Load (0.2ms)[0m  [1m[34mSELECT "users".* FROM "users"[0m
  [1m[36mUser Load (0.2ms)[0m  [1m[34mSELECT "users".* FROM "users"[0m
  [1m[36mUser Load (0.4ms)[0m  [1m[34mSELECT "users".* FROM "users"[0m
  [1m[36mUser Load (0.3ms)[0m  [1m[34mSELECT "users".* FROM "users"[0m
  [1m[36mUser Load (0.3ms)[0m  [1m[34mSELECT "users".* FROM "users"[0m
  [1m[36mUser Load (0.1ms)[0m  [1m[34mSELECT "users".* FROM "users"[0m
  [1m[36mUser Load (0.2ms)[0m  [1m[34mSELECT "users".* FROM "users"[0m
  [1m[36mUser Load (0.1ms)[0m  [1m[34mSELECT "users".* FROM "users"[0m
  [1m[36mUser Load (0.1ms)[0m  [1m[34mSELECT "users".* FROM "users"[0m
  [1m[36mUser Load (0.2ms)[0m  [1m[34mSELECT "users".* FROM "users"[0m
  [1m[36mUser Load (0.1ms)[0m  [1m[34mSELECT "users".* FROM "users"[0m
  [1m[36mUser Load (0.1ms)[0m  [1m[34mSELECT "users".* FROM "users"[0m
  [1m[36mUser Load (0.1ms)[0m  [1m[34mSELECT "users".* FROM "users"[0m
  [1m[36mUser Load (0.2ms)[0m  [1m[34mSELECT "users".* FROM "users"[0m
  [1m[36mUser Load (0.1ms)[0m  [1m[34mSELECT "users".* FROM "users"[0m
  [1m[36mUser Load (0.2ms)[0m  [1m[34mSELECT "users".* FROM "users"[0m
  [1m[36mUser Load (0.1ms)[0m  [1m[34mSELECT "users".* FROM "users"[0m
  [1m[35m (0.6ms)[0m  [1m[34mSELECT sqlite_version(*)[0m
  [1m[36mPotin Load (0.4ms)[0m  [1m[34mSELECT "potins".* FROM "potins" LIMIT ?[0m  [["LIMIT", 11]]
  [1m[35m (0.5ms)[0m  [1m[34mSELECT sqlite_version(*)[0m
  [1m[35m (0.2ms)[0m  [1m[34mSELECT "schema_migrations"."version" FROM "schema_migrations" ORDER BY "schema_migrations"."version" ASC[0m
  [1m[35m (0.1ms)[0m  [1m[34mSELECT sqlite_version(*)[0m
  [1m[36mPotin Load (0.4ms)[0m  [1m[34mSELECT "potins".* FROM "potins"[0m
  [1m[36mUser Load (0.3ms)[0m  [1m[34mSELECT "users".* FROM "users"[0m
  [1m[36mUser Load (0.2ms)[0m  [1m[34mSELECT "users".* FROM "users"[0m
  [1m[36mUser Load (0.2ms)[0m  [1m[34mSELECT "users".* FROM "users"[0m
  [1m[35m (0.5ms)[0m  [1m[34mSELECT sqlite_version(*)[0m
  [1m[35m (0.2ms)[0m  [1m[34mSELECT "schema_migrations"."version" FROM "schema_migrations" ORDER BY "schema_migrations"."version" ASC[0m
  [1m[35m (0.1ms)[0m  [1m[34mSELECT sqlite_version(*)[0m
  [1m[36mPotin Load (0.4ms)[0m  [1m[34mSELECT "potins".* FROM "potins"[0m
  [1m[36mUser Load (0.3ms)[0m  [1m[34mSELECT "users".* FROM "users"[0m
  [1m[36mUser Load (0.2ms)[0m  [1m[34mSELECT "users".* FROM "users"[0m
  [1m[35m (0.5ms)[0m  [1m[34mSELECT sqlite_version(*)[0m
  [1m[35m (0.3ms)[0m  [1m[34mSELECT "schema_migrations"."version" FROM "schema_migrations" ORDER BY "schema_migrations"."version" ASC[0m
  [1m[35m (0.1ms)[0m  [1m[34mSELECT sqlite_version(*)[0m
  [1m[36mPotin Load (0.3ms)[0m  [1m[34mSELECT "potins".* FROM "potins"[0m
  [1m[36mUser Load (0.3ms)[0m  [1m[34mSELECT "users".* FROM "users"[0m
  [1m[36mUser Load (0.2ms)[0m  [1m[34mSELECT "users".* FROM "users"[0m
  [1m[36mUser Load (0.2ms)[0m  [1m[34mSELECT "users".* FROM "users"[0m
  [1m[36mUser Load (0.2ms)[0m  [1m[34mSELECT "users".* FROM "users"[0m
  [1m[36mUser Load (0.2ms)[0m  [1m[34mSELECT "users".* FROM "users"[0m
  [1m[36mUser Load (0.2ms)[0m  [1m[34mSELECT "users".* FROM "users"[0m
  [1m[36mUser Load (0.6ms)[0m  [1m[34mSELECT "users".* FROM "users"[0m
  [1m[36mUser Load (0.3ms)[0m  [1m[34mSELECT "users".* FROM "users"[0m
  [1m[36mUser Load (0.2ms)[0m  [1m[34mSELECT "users".* FROM "users"[0m
  [1m[36mUser Load (0.1ms)[0m  [1m[34mSELECT "users".* FROM "users"[0m
  [1m[36mUser Load (0.2ms)[0m  [1m[34mSELECT "users".* FROM "users"[0m
  [1m[36mUser Load (0.1ms)[0m  [1m[34mSELECT "users".* FROM "users"[0m
  [1m[36mUser Load (0.1ms)[0m  [1m[34mSELECT "users".* FROM "users"[0m
  [1m[36mUser Load (0.1ms)[0m  [1m[34mSELECT "users".* FROM "users"[0m
  [1m[36mUser Load (0.1ms)[0m  [1m[34mSELECT "users".* FROM "users"[0m
  [1m[36mUser Load (0.2ms)[0m  [1m[34mSELECT "users".* FROM "users"[0m
  [1m[36mUser Load (0.1ms)[0m  [1m[34mSELECT "users".* FROM "users"[0m
  [1m[36mUser Load (0.1ms)[0m  [1m[34mSELECT "users".* FROM "users"[0m
  [1m[36mUser Load (0.1ms)[0m  [1m[34mSELECT "users".* FROM "users"[0m
  [1m[36mUser Load (0.1ms)[0m  [1m[34mSELECT "users".* FROM "users"[0m
  [1m[35m (0.7ms)[0m  [1m[34mSELECT sqlite_version(*)[0m
  [1m[36mPotin Load (0.4ms)[0m  [1m[34mSELECT "potins".* FROM "potins" LIMIT ?[0m  [["LIMIT", 11]]
  [1m[35m (0.5ms)[0m  [1m[34mSELECT sqlite_version(*)[0m
  [1m[35m (0.2ms)[0m  [1m[34mSELECT "schema_migrations"."version" FROM "schema_migrations" ORDER BY "schema_migrations"."version" ASC[0m
  [1m[35m (0.1ms)[0m  [1m[34mSELECT sqlite_version(*)[0m
  [1m[36mPotin Load (0.4ms)[0m  [1m[34mSELECT "potins".* FROM "potins"[0m
  [1m[36mUser Load (0.3ms)[0m  [1m[34mSELECT "users".* FROM "users"[0m
  [1m[35m (0.1ms)[0m  [1m[36mbegin transaction[0m
  [1m[36mUser Load (0.4ms)[0m  [1m[34mSELECT "users".* FROM "users" WHERE "users"."id" = ? LIMIT ?[0m  [["id", 6], ["LIMIT", 1]]
  [1m[36mPotin Update (0.8ms)[0m  [1m[33mUPDATE "potins" SET "user_id" = ?, "updated_at" = ? WHERE "potins"."id" = ?[0m  [["user_id", 6], ["updated_at", "2020-10-22 16:12:27.778369"], ["id", 1]]
  [1m[35m (120.8ms)[0m  [1m[36mcommit transaction[0m
  [1m[36mUser Load (0.2ms)[0m  [1m[34mSELECT "users".* FROM "users"[0m
  [1m[35m (0.1ms)[0m  [1m[36mbegin transaction[0m
  [1m[36mUser Load (0.1ms)[0m  [1m[34mSELECT "users".* FROM "users" WHERE "users"."id" = ? LIMIT ?[0m  [["id", 3], ["LIMIT", 1]]
  [1m[36mPotin Update (0.6ms)[0m  [1m[33mUPDATE "potins" SET "user_id" = ?, "updated_at" = ? WHERE "potins"."id" = ?[0m  [["user_id", 3], ["updated_at", "2020-10-22 16:12:27.913207"], ["id", 2]]
  [1m[35m (64.5ms)[0m  [1m[36mcommit transaction[0m
  [1m[36mUser Load (0.2ms)[0m  [1m[34mSELECT "users".* FROM "users"[0m
  [1m[35m (0.1ms)[0m  [1m[36mbegin transaction[0m
  [1m[36mUser Load (0.1ms)[0m  [1m[34mSELECT "users".* FROM "users" WHERE "users"."id" = ? LIMIT ?[0m  [["id", 8], ["LIMIT", 1]]
  [1m[36mPotin Update (1.1ms)[0m  [1m[33mUPDATE "potins" SET "user_id" = ?, "updated_at" = ? WHERE "potins"."id" = ?[0m  [["user_id", 8], ["updated_at", "2020-10-22 16:12:27.992625"], ["id", 3]]
  [1m[35m (62.4ms)[0m  [1m[36mcommit transaction[0m
  [1m[36mUser Load (0.2ms)[0m  [1m[34mSELECT "users".* FROM "users"[0m
  [1m[35m (0.1ms)[0m  [1m[36mbegin transaction[0m
  [1m[36mUser Load (0.1ms)[0m  [1m[34mSELECT "users".* FROM "users" WHERE "users"."id" = ? LIMIT ?[0m  [["id", 3], ["LIMIT", 1]]
  [1m[36mPotin Update (0.5ms)[0m  [1m[33mUPDATE "potins" SET "user_id" = ?, "updated_at" = ? WHERE "potins"."id" = ?[0m  [["user_id", 3], ["updated_at", "2020-10-22 16:12:28.069301"], ["id", 4]]
  [1m[35m (75.4ms)[0m  [1m[36mcommit transaction[0m
  [1m[36mUser Load (0.2ms)[0m  [1m[34mSELECT "users".* FROM "users"[0m
  [1m[35m (0.1ms)[0m  [1m[36mbegin transaction[0m
  [1m[36mUser Load (0.1ms)[0m  [1m[34mSELECT "users".* FROM "users" WHERE "users"."id" = ? LIMIT ?[0m  [["id", 9], ["LIMIT", 1]]
  [1m[36mPotin Update (0.5ms)[0m  [1m[33mUPDATE "potins" SET "user_id" = ?, "updated_at" = ? WHERE "potins"."id" = ?[0m  [["user_id", 9], ["updated_at", "2020-10-22 16:12:28.157124"], ["id", 5]]
  [1m[35m (76.5ms)[0m  [1m[36mcommit transaction[0m
  [1m[36mUser Load (0.3ms)[0m  [1m[34mSELECT "users".* FROM "users"[0m
  [1m[35m (0.1ms)[0m  [1m[36mbegin transaction[0m
  [1m[36mUser Load (0.1ms)[0m  [1m[34mSELECT "users".* FROM "users" WHERE "users"."id" = ? LIMIT ?[0m  [["id", 3], ["LIMIT", 1]]
  [1m[36mPotin Update (0.5ms)[0m  [1m[33mUPDATE "potins" SET "user_id" = ?, "updated_at" = ? WHERE "potins"."id" = ?[0m  [["user_id", 3], ["updated_at", "2020-10-22 16:12:28.247365"], ["id", 6]]
  [1m[35m (64.3ms)[0m  [1m[36mcommit transaction[0m
  [1m[36mUser Load (0.2ms)[0m  [1m[34mSELECT "users".* FROM "users"[0m
  [1m[35m (0.1ms)[0m  [1m[36mbegin transaction[0m
  [1m[36mUser Load (0.1ms)[0m  [1m[34mSELECT "users".* FROM "users" WHERE "users"."id" = ? LIMIT ?[0m  [["id", 3], ["LIMIT", 1]]
  [1m[36mPotin Update (1.1ms)[0m  [1m[33mUPDATE "potins" SET "user_id" = ?, "updated_at" = ? WHERE "potins"."id" = ?[0m  [["user_id", 3], ["updated_at", "2020-10-22 16:12:28.324708"], ["id", 7]]
  [1m[35m (75.2ms)[0m  [1m[36mcommit transaction[0m
  [1m[36mUser Load (0.3ms)[0m  [1m[34mSELECT "users".* FROM "users"[0m
  [1m[35m (0.1ms)[0m  [1m[36mbegin transaction[0m
  [1m[36mUser Load (0.2ms)[0m  [1m[34mSELECT "users".* FROM "users" WHERE "users"."id" = ? LIMIT ?[0m  [["id", 2], ["LIMIT", 1]]
  [1m[36mPotin Update (0.5ms)[0m  [1m[33mUPDATE "potins" SET "user_id" = ?, "updated_at" = ? WHERE "potins"."id" = ?[0m  [["user_id", 2], ["updated_at", "2020-10-22 16:12:28.416164"], ["id", 8]]
  [1m[35m (73.4ms)[0m  [1m[36mcommit transaction[0m
  [1m[36mUser Load (0.2ms)[0m  [1m[34mSELECT "users".* FROM "users"[0m
  [1m[35m (0.1ms)[0m  [1m[36mbegin transaction[0m
  [1m[36mUser Load (0.1ms)[0m  [1m[34mSELECT "users".* FROM "users" WHERE "users"."id" = ? LIMIT ?[0m  [["id", 4], ["LIMIT", 1]]
  [1m[36mPotin Update (0.6ms)[0m  [1m[33mUPDATE "potins" SET "user_id" = ?, "updated_at" = ? WHERE "potins"."id" = ?[0m  [["user_id", 4], ["updated_at", "2020-10-22 16:12:28.502256"], ["id", 9]]
  [1m[35m (74.9ms)[0m  [1m[36mcommit transaction[0m
  [1m[36mUser Load (0.2ms)[0m  [1m[34mSELECT "users".* FROM "users"[0m
  [1m[35m (0.1ms)[0m  [1m[36mbegin transaction[0m
  [1m[36mUser Load (0.1ms)[0m  [1m[34mSELECT "users".* FROM "users" WHERE "users"."id" = ? LIMIT ?[0m  [["id", 7], ["LIMIT", 1]]
  [1m[36mPotin Update (0.5ms)[0m  [1m[33mUPDATE "potins" SET "user_id" = ?, "updated_at" = ? WHERE "potins"."id" = ?[0m  [["user_id", 7], ["updated_at", "2020-10-22 16:12:28.591688"], ["id", 10]]
  [1m[35m (75.5ms)[0m  [1m[36mcommit transaction[0m
  [1m[36mUser Load (0.3ms)[0m  [1m[34mSELECT "users".* FROM "users"[0m
  [1m[35m (0.1ms)[0m  [1m[36mbegin transaction[0m
  [1m[36mUser Load (0.5ms)[0m  [1m[34mSELECT "users".* FROM "users" WHERE "users"."id" = ? LIMIT ?[0m  [["id", 9], ["LIMIT", 1]]
  [1m[36mPotin Update (1.8ms)[0m  [1m[33mUPDATE "potins" SET "user_id" = ?, "updated_at" = ? WHERE "potins"."id" = ?[0m  [["user_id", 9], ["updated_at", "2020-10-22 16:12:28.694222"], ["id", 11]]
  [1m[35m (83.5ms)[0m  [1m[36mcommit transaction[0m
  [1m[36mUser Load (0.2ms)[0m  [1m[34mSELECT "users".* FROM "users"[0m
  [1m[35m (0.1ms)[0m  [1m[36mbegin transaction[0m
  [1m[36mUser Load (0.1ms)[0m  [1m[34mSELECT "users".* FROM "users" WHERE "users"."id" = ? LIMIT ?[0m  [["id", 5], ["LIMIT", 1]]
  [1m[36mPotin Update (1.9ms)[0m  [1m[33mUPDATE "potins" SET "user_id" = ?, "updated_at" = ? WHERE "potins"."id" = ?[0m  [["user_id", 5], ["updated_at", "2020-10-22 16:12:28.791855"], ["id", 12]]
  [1m[35m (83.3ms)[0m  [1m[36mcommit transaction[0m
  [1m[36mUser Load (0.4ms)[0m  [1m[34mSELECT "users".* FROM "users"[0m
  [1m[35m (0.1ms)[0m  [1m[36mbegin transaction[0m
  [1m[36mUser Load (0.2ms)[0m  [1m[34mSELECT "users".* FROM "users" WHERE "users"."id" = ? LIMIT ?[0m  [["id", 3], ["LIMIT", 1]]
  [1m[36mPotin Update (0.6ms)[0m  [1m[33mUPDATE "potins" SET "user_id" = ?, "updated_at" = ? WHERE "potins"."id" = ?[0m  [["user_id", 3], ["updated_at", "2020-10-22 16:12:28.896529"], ["id", 13]]
  [1m[35m (81.9ms)[0m  [1m[36mcommit transaction[0m
  [1m[36mUser Load (0.3ms)[0m  [1m[34mSELECT "users".* FROM "users"[0m
  [1m[35m (0.1ms)[0m  [1m[36mbegin transaction[0m
  [1m[36mUser Load (0.1ms)[0m  [1m[34mSELECT "users".* FROM "users" WHERE "users"."id" = ? LIMIT ?[0m  [["id", 3], ["LIMIT", 1]]
  [1m[36mPotin Update (0.5ms)[0m  [1m[33mUPDATE "potins" SET "user_id" = ?, "updated_at" = ? WHERE "potins"."id" = ?[0m  [["user_id", 3], ["updated_at", "2020-10-22 16:12:28.991214"], ["id", 14]]
  [1m[35m (88.1ms)[0m  [1m[36mcommit transaction[0m
  [1m[36mUser Load (0.3ms)[0m  [1m[34mSELECT "users".* FROM "users"[0m
  [1m[35m (0.1ms)[0m  [1m[36mbegin transaction[0m
  [1m[36mUser Load (0.2ms)[0m  [1m[34mSELECT "users".* FROM "users" WHERE "users"."id" = ? LIMIT ?[0m  [["id", 1], ["LIMIT", 1]]
  [1m[36mPotin Update (0.6ms)[0m  [1m[33mUPDATE "potins" SET "user_id" = ?, "updated_at" = ? WHERE "potins"."id" = ?[0m  [["user_id", 1], ["updated_at", "2020-10-22 16:12:29.094476"], ["id", 15]]
  [1m[35m (84.1ms)[0m  [1m[36mcommit transaction[0m
  [1m[36mUser Load (0.2ms)[0m  [1m[34mSELECT "users".* FROM "users"[0m
  [1m[35m (0.1ms)[0m  [1m[36mbegin transaction[0m
  [1m[36mUser Load (0.1ms)[0m  [1m[34mSELECT "users".* FROM "users" WHERE "users"."id" = ? LIMIT ?[0m  [["id", 3], ["LIMIT", 1]]
  [1m[36mPotin Update (1.2ms)[0m  [1m[33mUPDATE "potins" SET "user_id" = ?, "updated_at" = ? WHERE "potins"."id" = ?[0m  [["user_id", 3], ["updated_at", "2020-10-22 16:12:29.192093"], ["id", 16]]
  [1m[35m (86.5ms)[0m  [1m[36mcommit transaction[0m
  [1m[36mUser Load (0.2ms)[0m  [1m[34mSELECT "users".* FROM "users"[0m
  [1m[35m (0.1ms)[0m  [1m[36mbegin transaction[0m
  [1m[36mUser Load (0.1ms)[0m  [1m[34mSELECT "users".* FROM "users" WHERE "users"."id" = ? LIMIT ?[0m  [["id", 6], ["LIMIT", 1]]
  [1m[36mPotin Update (0.5ms)[0m  [1m[33mUPDATE "potins" SET "user_id" = ?, "updated_at" = ? WHERE "potins"."id" = ?[0m  [["user_id", 6], ["updated_at", "2020-10-22 16:12:29.291741"], ["id", 17]]
  [1m[35m (87.5ms)[0m  [1m[36mcommit transaction[0m
  [1m[36mUser Load (0.2ms)[0m  [1m[34mSELECT "users".* FROM "users"[0m
  [1m[35m (0.1ms)[0m  [1m[36mbegin transaction[0m
  [1m[36mUser Load (0.1ms)[0m  [1m[34mSELECT "users".* FROM "users" WHERE "users"."id" = ? LIMIT ?[0m  [["id", 10], ["LIMIT", 1]]
  [1m[36mPotin Update (0.4ms)[0m  [1m[33mUPDATE "potins" SET "user_id" = ?, "updated_at" = ? WHERE "potins"."id" = ?[0m  [["user_id", 10], ["updated_at", "2020-10-22 16:12:29.391741"], ["id", 18]]
  [1m[35m (76.7ms)[0m  [1m[36mcommit transaction[0m
  [1m[36mUser Load (0.2ms)[0m  [1m[34mSELECT "users".* FROM "users"[0m
  [1m[35m (0.1ms)[0m  [1m[36mbegin transaction[0m
  [1m[36mUser Load (0.1ms)[0m  [1m[34mSELECT "users".* FROM "users" WHERE "users"."id" = ? LIMIT ?[0m  [["id", 3], ["LIMIT", 1]]
  [1m[36mPotin Update (0.5ms)[0m  [1m[33mUPDATE "potins" SET "user_id" = ?, "updated_at" = ? WHERE "potins"."id" = ?[0m  [["user_id", 3], ["updated_at", "2020-10-22 16:12:29.481813"], ["id", 19]]
  [1m[35m (75.5ms)[0m  [1m[36mcommit transaction[0m
  [1m[36mUser Load (0.2ms)[0m  [1m[34mSELECT "users".* FROM "users"[0m
  [1m[35m (0.1ms)[0m  [1m[36mbegin transaction[0m
  [1m[36mUser Load (0.2ms)[0m  [1m[34mSELECT "users".* FROM "users" WHERE "users"."id" = ? LIMIT ?[0m  [["id", 7], ["LIMIT", 1]]
  [1m[36mPotin Update (0.5ms)[0m  [1m[33mUPDATE "potins" SET "user_id" = ?, "updated_at" = ? WHERE "potins"."id" = ?[0m  [["user_id", 7], ["updated_at", "2020-10-22 16:12:29.569922"], ["id", 20]]
  [1m[35m (75.9ms)[0m  [1m[36mcommit transaction[0m
  [1m[35m (0.6ms)[0m  [1m[34mSELECT sqlite_version(*)[0m
  [1m[36mPotin Load (0.4ms)[0m  [1m[34mSELECT "potins".* FROM "potins" LIMIT ?[0m  [["LIMIT", 11]]
  [1m[35m (0.6ms)[0m  [1m[34mSELECT sqlite_version(*)[0m
  [1m[35m (0.2ms)[0m  [1m[34mSELECT "schema_migrations"."version" FROM "schema_migrations" ORDER BY "schema_migrations"."version" ASC[0m
Migrating to CreateTags (20201022161853)
  [1m[35m (0.1ms)[0m  [1m[36mbegin transaction[0m
  [1m[35m (0.5ms)[0m  [1m[35mCREATE TABLE "tags" ("id" integer PRIMARY KEY AUTOINCREMENT NOT NULL, "title" varchar, "created_at" datetime(6) NOT NULL, "updated_at" datetime(6) NOT NULL)[0m
  [1m[36mprimary::SchemaMigration Create (0.3ms)[0m  [1m[32mINSERT INTO "schema_migrations" ("version") VALUES (?)[0m  [["version", "20201022161853"]]
  [1m[35m (138.7ms)[0m  [1m[36mcommit transaction[0m
Migrating to TagsGossips (20201022162358)
  [1m[35m (0.1ms)[0m  [1m[36mbegin transaction[0m
  [1m[35m (1.8ms)[0m  [1m[35mCREATE TABLE "tags_gossips" ("id" integer PRIMARY KEY AUTOINCREMENT NOT NULL, "tag_id" integer, "potin_id" integer, "created_at" datetime(6) NOT NULL, "updated_at" datetime(6) NOT NULL)[0m
  [1m[35m (0.2ms)[0m  [1m[35mCREATE  INDEX "index_tags_gossips_on_tag_id" ON "tags_gossips" ("tag_id")[0m
  [1m[35m (0.2ms)[0m  [1m[35mCREATE  INDEX "index_tags_gossips_on_potin_id" ON "tags_gossips" ("potin_id")[0m
  [1m[35m (0.9ms)[0m  [1m[35mALTER TABLE "tags_gossips" ADD "tag_id" integer[0m
  [1m[35m (1.0ms)[0m  [1m[31mrollback transaction[0m
  [1m[35m (0.6ms)[0m  [1m[34mSELECT sqlite_version(*)[0m
  [1m[35m (0.3ms)[0m  [1m[34mSELECT "schema_migrations"."version" FROM "schema_migrations" ORDER BY "schema_migrations"."version" ASC[0m
Migrating to TagsGossips (20201022162358)
  [1m[35m (0.1ms)[0m  [1m[36mbegin transaction[0m
  [1m[35m (1.1ms)[0m  [1m[35mCREATE TABLE "tags_gossips" ("id" integer PRIMARY KEY AUTOINCREMENT NOT NULL, "tag_id" integer, "potin_id" integer, "created_at" datetime(6) NOT NULL, "updated_at" datetime(6) NOT NULL)[0m
  [1m[35m (0.2ms)[0m  [1m[35mCREATE  INDEX "index_tags_gossips_on_tag_id" ON "tags_gossips" ("tag_id")[0m
  [1m[35m (0.2ms)[0m  [1m[35mCREATE  INDEX "index_tags_gossips_on_potin_id" ON "tags_gossips" ("potin_id")[0m
  [1m[35m (0.8ms)[0m  [1m[35mALTER TABLE "potin" ADD "tags_gossips_id" integer[0m
  [1m[35m (0.4ms)[0m  [1m[31mrollback transaction[0m
  [1m[35m (0.5ms)[0m  [1m[34mSELECT sqlite_version(*)[0m
  [1m[35m (0.2ms)[0m  [1m[34mSELECT "schema_migrations"."version" FROM "schema_migrations" ORDER BY "schema_migrations"."version" ASC[0m
Migrating to TagsGossips (20201022162358)
  [1m[35m (0.1ms)[0m  [1m[36mbegin transaction[0m
  [1m[35m (0.8ms)[0m  [1m[35mCREATE TABLE "tags_gossips" ("id" integer PRIMARY KEY AUTOINCREMENT NOT NULL, "tag_id" integer, "potin_id" integer, "created_at" datetime(6) NOT NULL, "updated_at" datetime(6) NOT NULL)[0m
  [1m[35m (0.2ms)[0m  [1m[35mCREATE  INDEX "index_tags_gossips_on_tag_id" ON "tags_gossips" ("tag_id")[0m
  [1m[35m (0.2ms)[0m  [1m[35mCREATE  INDEX "index_tags_gossips_on_potin_id" ON "tags_gossips" ("potin_id")[0m
  [1m[35m (0.4ms)[0m  [1m[35mALTER TABLE "potins" ADD "tags_gossips_id" integer[0m
  [1m[35m (0.3ms)[0m  [1m[35mCREATE  INDEX "index_potins_on_tags_gossips_id" ON "potins" ("tags_gossips_id")[0m
  [1m[35m (0.1ms)[0m  [1m[35mPRAGMA foreign_keys[0m
  [1m[35m (0.1ms)[0m  [1m[35mPRAGMA defer_foreign_keys[0m
  [1m[35m (0.1ms)[0m  [1m[35mPRAGMA defer_foreign_keys = ON[0m
  [1m[35m (0.1ms)[0m  [1m[35mPRAGMA foreign_keys = OFF[0m
  [1m[35m (0.2ms)[0m  [1m[35mCREATE TEMPORARY TABLE "apotins" ("id" integer NOT NULL PRIMARY KEY, "title" varchar DEFAULT NULL, "content" text DEFAULT NULL, "created_at" datetime(6) NOT NULL, "updated_at" datetime(6) NOT NULL, "user_id" integer DEFAULT NULL, "tags_gossips_id" integer DEFAULT NULL)[0m
  [1m[35m (0.2ms)[0m  [1m[35mCREATE  INDEX "tindex_apotins_on_tags_gossips_id" ON "apotins" ("tags_gossips_id")[0m
  [1m[35m (0.2ms)[0m  [1m[35mCREATE  INDEX "tindex_apotins_on_user_id" ON "apotins" ("user_id")[0m
  [1m[35m (0.2ms)[0m  [1m[32mINSERT INTO "apotins" ("id","title","content","created_at","updated_at","user_id","tags_gossips_id")
                     SELECT "id","title","content","created_at","updated_at","user_id","tags_gossips_id" FROM "potins"[0m
  [1m[35m (0.3ms)[0m  [1m[35mDROP TABLE "potins"[0m
  [1m[35m (0.2ms)[0m  [1m[35mCREATE TABLE "potins" ("id" integer NOT NULL PRIMARY KEY, "title" varchar DEFAULT NULL, "content" text DEFAULT NULL, "created_at" datetime(6) NOT NULL, "updated_at" datetime(6) NOT NULL, "user_id" integer DEFAULT NULL, "tags_gossips_id" integer DEFAULT NULL, CONSTRAINT "fk_rails_609c735131"
FOREIGN KEY ("user_id")
  REFERENCES "users" ("id")
, CONSTRAINT "fk_rails_6c7d978715"
FOREIGN KEY ("tags_gossips_id")
  REFERENCES "tags_gossips" ("id")
)[0m
  [1m[35m (0.2ms)[0m  [1m[35mCREATE  INDEX "index_potins_on_user_id" ON "potins" ("user_id")[0m
  [1m[35m (0.2ms)[0m  [1m[35mCREATE  INDEX "index_potins_on_tags_gossips_id" ON "potins" ("tags_gossips_id")[0m
  [1m[35m (0.2ms)[0m  [1m[32mINSERT INTO "potins" ("id","title","content","created_at","updated_at","user_id","tags_gossips_id")
                     SELECT "id","title","content","created_at","updated_at","user_id","tags_gossips_id" FROM "apotins"[0m
  [1m[35m (0.2ms)[0m  [1m[35mDROP TABLE "apotins"[0m
  [1m[35m (0.1ms)[0m  [1m[35mPRAGMA defer_foreign_keys = 0[0m
  [1m[35m (0.1ms)[0m  [1m[35mPRAGMA foreign_keys = 1[0m
  [1m[35m (0.4ms)[0m  [1m[35mALTER TABLE "tags" ADD "tags_gossips_id" integer[0m
  [1m[35m (0.2ms)[0m  [1m[35mCREATE  INDEX "index_tags_on_tags_gossips_id" ON "tags" ("tags_gossips_id")[0m
  [1m[35m (0.1ms)[0m  [1m[35mPRAGMA foreign_keys[0m
  [1m[35m (0.2ms)[0m  [1m[35mPRAGMA defer_foreign_keys[0m
  [1m[35m (0.1ms)[0m  [1m[35mPRAGMA defer_foreign_keys = ON[0m
  [1m[35m (0.1ms)[0m  [1m[35mPRAGMA foreign_keys = OFF[0m
  [1m[35m (0.2ms)[0m  [1m[35mCREATE TEMPORARY TABLE "atags" ("id" integer NOT NULL PRIMARY KEY, "title" varchar DEFAULT NULL, "created_at" datetime(6) NOT NULL, "updated_at" datetime(6) NOT NULL, "tags_gossips_id" integer DEFAULT NULL)[0m
  [1m[35m (0.2ms)[0m  [1m[35mCREATE  INDEX "tindex_atags_on_atags_gossips_id" ON "atags" ("tags_gossips_id")[0m
  [1m[35m (0.1ms)[0m  [1m[32mINSERT INTO "atags" ("id","title","created_at","updated_at","tags_gossips_id")
                     SELECT "id","title","created_at","updated_at","tags_gossips_id" FROM "tags"[0m
  [1m[35m (0.3ms)[0m  [1m[35mDROP TABLE "tags"[0m
  [1m[35m (0.2ms)[0m  [1m[35mCREATE TABLE "tags" ("id" integer NOT NULL PRIMARY KEY, "title" varchar DEFAULT NULL, "created_at" datetime(6) NOT NULL, "updated_at" datetime(6) NOT NULL, "tags_gossips_id" integer DEFAULT NULL, CONSTRAINT "fk_rails_7412babebb"
FOREIGN KEY ("tags_gossips_id")
  REFERENCES "tags_gossips" ("id")
)[0m
  [1m[35m (0.2ms)[0m  [1m[35mCREATE  INDEX "index_tags_on_tags_gossips_id" ON "tags" ("tags_gossips_id")[0m
  [1m[35m (0.1ms)[0m  [1m[32mINSERT INTO "tags" ("id","title","created_at","updated_at","tags_gossips_id")
                     SELECT "id","title","created_at","updated_at","tags_gossips_id" FROM "atags"[0m
  [1m[35m (0.2ms)[0m  [1m[35mDROP TABLE "atags"[0m
  [1m[35m (0.1ms)[0m  [1m[35mPRAGMA defer_foreign_keys = 0[0m
  [1m[35m (0.1ms)[0m  [1m[35mPRAGMA foreign_keys = 1[0m
  [1m[36mprimary::SchemaMigration Create (0.3ms)[0m  [1m[32mINSERT INTO "schema_migrations" ("version") VALUES (?)[0m  [["version", "20201022162358"]]
  [1m[35m (188.4ms)[0m  [1m[36mcommit transaction[0m
  [1m[36mActiveRecord::InternalMetadata Load (0.2ms)[0m  [1m[34mSELECT "ar_internal_metadata".* FROM "ar_internal_metadata" WHERE "ar_internal_metadata"."key" = ? LIMIT ?[0m  [["key", "environment"], ["LIMIT", 1]]
  [1m[35m (0.1ms)[0m  [1m[34mSELECT sqlite_version(*)[0m
  [1m[35m (0.2ms)[0m  [1m[34mSELECT "schema_migrations"."version" FROM "schema_migrations" ORDER BY "schema_migrations"."version" ASC[0m
  [1m[35m (0.5ms)[0m  [1m[34mSELECT sqlite_version(*)[0m
  [1m[35m (0.2ms)[0m  [1m[34mSELECT "schema_migrations"."version" FROM "schema_migrations" ORDER BY "schema_migrations"."version" ASC[0m
  [1m[35m (0.1ms)[0m  [1m[34mSELECT "schema_migrations"."version" FROM "schema_migrations" ORDER BY "schema_migrations"."version" ASC[0m
  [1m[35m (0.1ms)[0m  [1m[34mSELECT "schema_migrations"."version" FROM "schema_migrations" ORDER BY "schema_migrations"."version" ASC[0m
  [1m[35m (0.1ms)[0m  [1m[34mSELECT "schema_migrations"."version" FROM "schema_migrations" ORDER BY "schema_migrations"."version" ASC[0m
Migrating to TagsGossips (20201022162358)
  [1m[35m (0.6ms)[0m  [1m[34mSELECT sqlite_version(*)[0m
  [1m[35m (0.2ms)[0m  [1m[34mSELECT "schema_migrations"."version" FROM "schema_migrations" ORDER BY "schema_migrations"."version" ASC[0m
  [1m[35m (0.1ms)[0m  [1m[34mSELECT "schema_migrations"."version" FROM "schema_migrations" ORDER BY "schema_migrations"."version" ASC[0m
  [1m[35m (0.1ms)[0m  [1m[34mSELECT "schema_migrations"."version" FROM "schema_migrations" ORDER BY "schema_migrations"."version" ASC[0m
  [1m[35m (0.1ms)[0m  [1m[34mSELECT "schema_migrations"."version" FROM "schema_migrations" ORDER BY "schema_migrations"."version" ASC[0m
Migrating to TagsGossips (20201022162358)
  [1m[35m (0.1ms)[0m  [1m[36mbegin transaction[0m
  [1m[35m (0.1ms)[0m  [1m[35mPRAGMA foreign_keys[0m
  [1m[35m (0.1ms)[0m  [1m[35mPRAGMA defer_foreign_keys[0m
  [1m[35m (0.1ms)[0m  [1m[35mPRAGMA defer_foreign_keys = ON[0m
  [1m[35m (0.1ms)[0m  [1m[35mPRAGMA foreign_keys = OFF[0m
  [1m[35m (0.3ms)[0m  [1m[35mCREATE TEMPORARY TABLE "atags" ("id" integer NOT NULL PRIMARY KEY, "title" varchar DEFAULT NULL, "created_at" datetime(6) NOT NULL, "updated_at" datetime(6) NOT NULL, "tags_gossips_id" integer DEFAULT NULL)[0m
  [1m[35m (0.2ms)[0m  [1m[35mCREATE  INDEX "tindex_atags_on_atags_gossips_id" ON "atags" ("tags_gossips_id")[0m
  [1m[35m (0.1ms)[0m  [1m[32mINSERT INTO "atags" ("id","title","created_at","updated_at","tags_gossips_id")
                     SELECT "id","title","created_at","updated_at","tags_gossips_id" FROM "tags"[0m
  [1m[35m (0.6ms)[0m  [1m[35mDROP TABLE "tags"[0m
  [1m[35m (0.3ms)[0m  [1m[35mCREATE TABLE "tags" ("id" integer NOT NULL PRIMARY KEY, "title" varchar DEFAULT NULL, "created_at" datetime(6) NOT NULL, "updated_at" datetime(6) NOT NULL, "tags_gossips_id" integer DEFAULT NULL)[0m
  [1m[35m (0.2ms)[0m  [1m[35mCREATE  INDEX "index_tags_on_tags_gossips_id" ON "tags" ("tags_gossips_id")[0m
  [1m[35m (0.1ms)[0m  [1m[32mINSERT INTO "tags" ("id","title","created_at","updated_at","tags_gossips_id")
                     SELECT "id","title","created_at","updated_at","tags_gossips_id" FROM "atags"[0m
  [1m[35m (0.3ms)[0m  [1m[35mDROP TABLE "atags"[0m
  [1m[35m (0.1ms)[0m  [1m[35mPRAGMA defer_foreign_keys = 0[0m
  [1m[35m (0.1ms)[0m  [1m[35mPRAGMA foreign_keys = 1[0m
  [1m[35m (0.1ms)[0m  [1m[35mPRAGMA foreign_keys[0m
  [1m[35m (0.1ms)[0m  [1m[35mPRAGMA defer_foreign_keys[0m
  [1m[35m (0.1ms)[0m  [1m[35mPRAGMA defer_foreign_keys = ON[0m
  [1m[35m (0.1ms)[0m  [1m[35mPRAGMA foreign_keys = OFF[0m
  [1m[35m (0.2ms)[0m  [1m[35mCREATE TEMPORARY TABLE "atags" ("id" integer NOT NULL PRIMARY KEY, "title" varchar DEFAULT NULL, "created_at" datetime(6) NOT NULL, "updated_at" datetime(6) NOT NULL, "tags_gossips_id" integer DEFAULT NULL)[0m
  [1m[35m (0.2ms)[0m  [1m[35mCREATE  INDEX "tindex_atags_on_atags_gossips_id" ON "atags" ("tags_gossips_id")[0m
  [1m[35m (0.1ms)[0m  [1m[32mINSERT INTO "atags" ("id","title","created_at","updated_at","tags_gossips_id")
                     SELECT "id","title","created_at","updated_at","tags_gossips_id" FROM "tags"[0m
  [1m[35m (0.2ms)[0m  [1m[35mDROP TABLE "tags"[0m
  [1m[35m (0.2ms)[0m  [1m[35mCREATE TABLE "tags" ("id" integer NOT NULL PRIMARY KEY, "title" varchar DEFAULT NULL, "created_at" datetime(6) NOT NULL, "updated_at" datetime(6) NOT NULL)[0m
  [1m[35m (0.1ms)[0m  [1m[32mINSERT INTO "tags" ("id","title","created_at","updated_at")
                     SELECT "id","title","created_at","updated_at" FROM "atags"[0m
  [1m[35m (0.2ms)[0m  [1m[35mDROP TABLE "atags"[0m
  [1m[35m (0.1ms)[0m  [1m[35mPRAGMA defer_foreign_keys = 0[0m
  [1m[35m (0.1ms)[0m  [1m[35mPRAGMA foreign_keys = 1[0m
  [1m[35m (0.1ms)[0m  [1m[35mPRAGMA foreign_keys[0m
  [1m[35m (0.1ms)[0m  [1m[35mPRAGMA defer_foreign_keys[0m
  [1m[35m (0.1ms)[0m  [1m[35mPRAGMA defer_foreign_keys = ON[0m
  [1m[35m (0.1ms)[0m  [1m[35mPRAGMA foreign_keys = OFF[0m
  [1m[35m (0.3ms)[0m  [1m[35mCREATE TEMPORARY TABLE "apotins" ("id" integer NOT NULL PRIMARY KEY, "title" varchar DEFAULT NULL, "content" text DEFAULT NULL, "created_at" datetime(6) NOT NULL, "updated_at" datetime(6) NOT NULL, "user_id" integer DEFAULT NULL, "tags_gossips_id" integer DEFAULT NULL)[0m
  [1m[35m (0.2ms)[0m  [1m[35mCREATE  INDEX "tindex_apotins_on_tags_gossips_id" ON "apotins" ("tags_gossips_id")[0m
  [1m[35m (0.2ms)[0m  [1m[35mCREATE  INDEX "tindex_apotins_on_user_id" ON "apotins" ("user_id")[0m
  [1m[35m (0.2ms)[0m  [1m[32mINSERT INTO "apotins" ("id","title","content","created_at","updated_at","user_id","tags_gossips_id")
                     SELECT "id","title","content","created_at","updated_at","user_id","tags_gossips_id" FROM "potins"[0m
  [1m[35m (0.3ms)[0m  [1m[35mDROP TABLE "potins"[0m
  [1m[35m (0.2ms)[0m  [1m[35mCREATE TABLE "potins" ("id" integer NOT NULL PRIMARY KEY, "title" varchar DEFAULT NULL, "content" text DEFAULT NULL, "created_at" datetime(6) NOT NULL, "updated_at" datetime(6) NOT NULL, "user_id" integer DEFAULT NULL, "tags_gossips_id" integer DEFAULT NULL, CONSTRAINT "fk_rails_609c735131"
FOREIGN KEY ("user_id")
  REFERENCES "users" ("id")
)[0m
  [1m[35m (0.2ms)[0m  [1m[35mCREATE  INDEX "index_potins_on_user_id" ON "potins" ("user_id")[0m
  [1m[35m (0.2ms)[0m  [1m[35mCREATE  INDEX "index_potins_on_tags_gossips_id" ON "potins" ("tags_gossips_id")[0m
  [1m[35m (0.2ms)[0m  [1m[32mINSERT INTO "potins" ("id","title","content","created_at","updated_at","user_id","tags_gossips_id")
                     SELECT "id","title","content","created_at","updated_at","user_id","tags_gossips_id" FROM "apotins"[0m
  [1m[35m (0.3ms)[0m  [1m[35mDROP TABLE "apotins"[0m
  [1m[35m (0.1ms)[0m  [1m[35mPRAGMA defer_foreign_keys = 0[0m
  [1m[35m (0.1ms)[0m  [1m[35mPRAGMA foreign_keys = 1[0m
  [1m[35m (0.1ms)[0m  [1m[35mPRAGMA foreign_keys[0m
  [1m[35m (0.1ms)[0m  [1m[35mPRAGMA defer_foreign_keys[0m
  [1m[35m (0.1ms)[0m  [1m[35mPRAGMA defer_foreign_keys = ON[0m
  [1m[35m (0.1ms)[0m  [1m[35mPRAGMA foreign_keys = OFF[0m
  [1m[35m (0.3ms)[0m  [1m[35mCREATE TEMPORARY TABLE "apotins" ("id" integer NOT NULL PRIMARY KEY, "title" varchar DEFAULT NULL, "content" text DEFAULT NULL, "created_at" datetime(6) NOT NULL, "updated_at" datetime(6) NOT NULL, "user_id" integer DEFAULT NULL, "tags_gossips_id" integer DEFAULT NULL)[0m
  [1m[35m (0.2ms)[0m  [1m[35mCREATE  INDEX "tindex_apotins_on_tags_gossips_id" ON "apotins" ("tags_gossips_id")[0m
  [1m[35m (0.2ms)[0m  [1m[35mCREATE  INDEX "tindex_apotins_on_user_id" ON "apotins" ("user_id")[0m
  [1m[35m (0.2ms)[0m  [1m[32mINSERT INTO "apotins" ("id","title","content","created_at","updated_at","user_id","tags_gossips_id")
                     SELECT "id","title","content","created_at","updated_at","user_id","tags_gossips_id" FROM "potins"[0m
  [1m[35m (0.2ms)[0m  [1m[35mDROP TABLE "potins"[0m
  [1m[35m (0.2ms)[0m  [1m[35mCREATE TABLE "potins" ("id" integer NOT NULL PRIMARY KEY, "title" varchar DEFAULT NULL, "content" text DEFAULT NULL, "created_at" datetime(6) NOT NULL, "updated_at" datetime(6) NOT NULL, "user_id" integer DEFAULT NULL, CONSTRAINT "fk_rails_609c735131"
FOREIGN KEY ("user_id")
  REFERENCES "users" ("id")
)[0m
  [1m[35m (0.2ms)[0m  [1m[35mCREATE  INDEX "index_potins_on_user_id" ON "potins" ("user_id")[0m
  [1m[35m (0.2ms)[0m  [1m[32mINSERT INTO "potins" ("id","title","content","created_at","updated_at","user_id")
                     SELECT "id","title","content","created_at","updated_at","user_id" FROM "apotins"[0m
  [1m[35m (0.2ms)[0m  [1m[35mDROP TABLE "apotins"[0m
  [1m[35m (0.1ms)[0m  [1m[35mPRAGMA defer_foreign_keys = 0[0m
  [1m[35m (0.1ms)[0m  [1m[35mPRAGMA foreign_keys = 1[0m
  [1m[35m (0.5ms)[0m  [1m[35mDROP TABLE "tags_gossips"[0m
  [1m[36mprimary::SchemaMigration Destroy (0.3ms)[0m  [1m[31mDELETE FROM "schema_migrations" WHERE "schema_migrations"."version" = ?[0m  [["version", "20201022162358"]]
  [1m[35m (124.4ms)[0m  [1m[36mcommit transaction[0m
  [1m[35m (0.1ms)[0m  [1m[34mSELECT sqlite_version(*)[0m
  [1m[35m (0.2ms)[0m  [1m[34mSELECT "schema_migrations"."version" FROM "schema_migrations" ORDER BY "schema_migrations"."version" ASC[0m
  [1m[35m (0.5ms)[0m  [1m[34mSELECT sqlite_version(*)[0m
  [1m[35m (0.2ms)[0m  [1m[34mSELECT "schema_migrations"."version" FROM "schema_migrations" ORDER BY "schema_migrations"."version" ASC[0m
  [1m[35m (0.5ms)[0m  [1m[34mSELECT sqlite_version(*)[0m
  [1m[35m (0.3ms)[0m  [1m[34mSELECT "schema_migrations"."version" FROM "schema_migrations" ORDER BY "schema_migrations"."version" ASC[0m
  [1m[35m (0.1ms)[0m  [1m[34mSELECT "schema_migrations"."version" FROM "schema_migrations" ORDER BY "schema_migrations"."version" ASC[0m
  [1m[35m (0.1ms)[0m  [1m[34mSELECT "schema_migrations"."version" FROM "schema_migrations" ORDER BY "schema_migrations"."version" ASC[0m
  [1m[35m (0.1ms)[0m  [1m[34mSELECT "schema_migrations"."version" FROM "schema_migrations" ORDER BY "schema_migrations"."version" ASC[0m
Migrating to CreateTags (20201022161853)
  [1m[35m (0.1ms)[0m  [1m[36mbegin transaction[0m
  [1m[35m (0.5ms)[0m  [1m[35mDROP TABLE "tags"[0m
  [1m[36mprimary::SchemaMigration Destroy (0.3ms)[0m  [1m[31mDELETE FROM "schema_migrations" WHERE "schema_migrations"."version" = ?[0m  [["version", "20201022161853"]]
  [1m[35m (96.9ms)[0m  [1m[36mcommit transaction[0m
  [1m[35m (0.1ms)[0m  [1m[34mSELECT sqlite_version(*)[0m
  [1m[35m (0.2ms)[0m  [1m[34mSELECT "schema_migrations"."version" FROM "schema_migrations" ORDER BY "schema_migrations"."version" ASC[0m
  [1m[35m (0.5ms)[0m  [1m[34mSELECT sqlite_version(*)[0m
  [1m[35m (0.2ms)[0m  [1m[34mSELECT "schema_migrations"."version" FROM "schema_migrations" ORDER BY "schema_migrations"."version" ASC[0m
  [1m[35m (0.5ms)[0m  [1m[34mSELECT sqlite_version(*)[0m
  [1m[35m (0.2ms)[0m  [1m[34mSELECT "schema_migrations"."version" FROM "schema_migrations" ORDER BY "schema_migrations"."version" ASC[0m
Migrating to CreateTags (20201022161853)
  [1m[35m (0.1ms)[0m  [1m[36mbegin transaction[0m
  [1m[35m (0.7ms)[0m  [1m[35mCREATE TABLE "tags" ("id" integer PRIMARY KEY AUTOINCREMENT NOT NULL, "title" varchar, "created_at" datetime(6) NOT NULL, "updated_at" datetime(6) NOT NULL)[0m
  [1m[36mprimary::SchemaMigration Create (0.3ms)[0m  [1m[32mINSERT INTO "schema_migrations" ("version") VALUES (?)[0m  [["version", "20201022161853"]]
  [1m[35m (102.0ms)[0m  [1m[36mcommit transaction[0m
Migrating to TagsGossips (20201022162358)
  [1m[35m (0.1ms)[0m  [1m[36mbegin transaction[0m
  [1m[35m (1.3ms)[0m  [1m[35mCREATE TABLE "tags_gossips" ("id" integer PRIMARY KEY AUTOINCREMENT NOT NULL, "tag_id" integer, "potin_id" integer, "created_at" datetime(6) NOT NULL, "updated_at" datetime(6) NOT NULL)[0m
  [1m[35m (0.2ms)[0m  [1m[35mCREATE  INDEX "index_tags_gossips_on_tag_id" ON "tags_gossips" ("tag_id")[0m
  [1m[35m (0.2ms)[0m  [1m[35mCREATE  INDEX "index_tags_gossips_on_potin_id" ON "tags_gossips" ("potin_id")[0m
  [1m[35m (0.5ms)[0m  [1m[35mALTER TABLE "potins" ADD "tags_gossip_id" integer[0m
  [1m[35m (0.3ms)[0m  [1m[35mCREATE  INDEX "index_potins_on_tags_gossip_id" ON "potins" ("tags_gossip_id")[0m
  [1m[35m (0.1ms)[0m  [1m[35mPRAGMA foreign_keys[0m
  [1m[35m (0.1ms)[0m  [1m[35mPRAGMA defer_foreign_keys[0m
  [1m[35m (0.1ms)[0m  [1m[35mPRAGMA defer_foreign_keys = ON[0m
  [1m[35m (0.1ms)[0m  [1m[35mPRAGMA foreign_keys = OFF[0m
  [1m[35m (0.4ms)[0m  [1m[35mCREATE TEMPORARY TABLE "apotins" ("id" integer NOT NULL PRIMARY KEY, "title" varchar DEFAULT NULL, "content" text DEFAULT NULL, "created_at" datetime(6) NOT NULL, "updated_at" datetime(6) NOT NULL, "user_id" integer DEFAULT NULL, "tags_gossip_id" integer DEFAULT NULL)[0m
  [1m[35m (0.2ms)[0m  [1m[35mCREATE  INDEX "tindex_apotins_on_tags_gossip_id" ON "apotins" ("tags_gossip_id")[0m
  [1m[35m (0.2ms)[0m  [1m[35mCREATE  INDEX "tindex_apotins_on_user_id" ON "apotins" ("user_id")[0m
  [1m[35m (0.2ms)[0m  [1m[32mINSERT INTO "apotins" ("id","title","content","created_at","updated_at","user_id","tags_gossip_id")
                     SELECT "id","title","content","created_at","updated_at","user_id","tags_gossip_id" FROM "potins"[0m
  [1m[35m (0.4ms)[0m  [1m[35mDROP TABLE "potins"[0m
  [1m[35m (0.3ms)[0m  [1m[35mCREATE TABLE "potins" ("id" integer NOT NULL PRIMARY KEY, "title" varchar DEFAULT NULL, "content" text DEFAULT NULL, "created_at" datetime(6) NOT NULL, "updated_at" datetime(6) NOT NULL, "user_id" integer DEFAULT NULL, "tags_gossip_id" integer DEFAULT NULL, CONSTRAINT "fk_rails_609c735131"
FOREIGN KEY ("user_id")
  REFERENCES "users" ("id")
, CONSTRAINT "fk_rails_e98926be0a"
FOREIGN KEY ("tags_gossip_id")
  REFERENCES "tags_gossips" ("id")
)[0m
  [1m[35m (0.2ms)[0m  [1m[35mCREATE  INDEX "index_potins_on_user_id" ON "potins" ("user_id")[0m
  [1m[35m (0.2ms)[0m  [1m[35mCREATE  INDEX "index_potins_on_tags_gossip_id" ON "potins" ("tags_gossip_id")[0m
  [1m[35m (0.2ms)[0m  [1m[32mINSERT INTO "potins" ("id","title","content","created_at","updated_at","user_id","tags_gossip_id")
                     SELECT "id","title","content","created_at","updated_at","user_id","tags_gossip_id" FROM "apotins"[0m
  [1m[35m (0.2ms)[0m  [1m[35mDROP TABLE "apotins"[0m
  [1m[35m (0.1ms)[0m  [1m[35mPRAGMA defer_foreign_keys = 0[0m
  [1m[35m (0.1ms)[0m  [1m[35mPRAGMA foreign_keys = 1[0m
  [1m[35m (0.5ms)[0m  [1m[35mALTER TABLE "tags" ADD "tags_gossip_id" integer[0m
  [1m[35m (0.2ms)[0m  [1m[35mCREATE  INDEX "index_tags_on_tags_gossip_id" ON "tags" ("tags_gossip_id")[0m
  [1m[35m (0.1ms)[0m  [1m[35mPRAGMA foreign_keys[0m
  [1m[35m (0.1ms)[0m  [1m[35mPRAGMA defer_foreign_keys[0m
  [1m[35m (0.1ms)[0m  [1m[35mPRAGMA defer_foreign_keys = ON[0m
  [1m[35m (0.1ms)[0m  [1m[35mPRAGMA foreign_keys = OFF[0m
  [1m[35m (0.3ms)[0m  [1m[35mCREATE TEMPORARY TABLE "atags" ("id" integer NOT NULL PRIMARY KEY, "title" varchar DEFAULT NULL, "created_at" datetime(6) NOT NULL, "updated_at" datetime(6) NOT NULL, "tags_gossip_id" integer DEFAULT NULL)[0m
  [1m[35m (0.2ms)[0m  [1m[35mCREATE  INDEX "tindex_atags_on_atags_gossip_id" ON "atags" ("tags_gossip_id")[0m
  [1m[35m (0.1ms)[0m  [1m[32mINSERT INTO "atags" ("id","title","created_at","updated_at","tags_gossip_id")
                     SELECT "id","title","created_at","updated_at","tags_gossip_id" FROM "tags"[0m
  [1m[35m (0.3ms)[0m  [1m[35mDROP TABLE "tags"[0m
  [1m[35m (0.3ms)[0m  [1m[35mCREATE TABLE "tags" ("id" integer NOT NULL PRIMARY KEY, "title" varchar DEFAULT NULL, "created_at" datetime(6) NOT NULL, "updated_at" datetime(6) NOT NULL, "tags_gossip_id" integer DEFAULT NULL, CONSTRAINT "fk_rails_bf3bad4fd9"
FOREIGN KEY ("tags_gossip_id")
  REFERENCES "tags_gossips" ("id")
)[0m
  [1m[35m (0.2ms)[0m  [1m[35mCREATE  INDEX "index_tags_on_tags_gossip_id" ON "tags" ("tags_gossip_id")[0m
  [1m[35m (0.1ms)[0m  [1m[32mINSERT INTO "tags" ("id","title","created_at","updated_at","tags_gossip_id")
                     SELECT "id","title","created_at","updated_at","tags_gossip_id" FROM "atags"[0m
  [1m[35m (0.2ms)[0m  [1m[35mDROP TABLE "atags"[0m
  [1m[35m (0.1ms)[0m  [1m[35mPRAGMA defer_foreign_keys = 0[0m
  [1m[35m (0.1ms)[0m  [1m[35mPRAGMA foreign_keys = 1[0m
  [1m[36mprimary::SchemaMigration Create (0.2ms)[0m  [1m[32mINSERT INTO "schema_migrations" ("version") VALUES (?)[0m  [["version", "20201022162358"]]
  [1m[35m (88.1ms)[0m  [1m[36mcommit transaction[0m
  [1m[36mActiveRecord::InternalMetadata Load (0.3ms)[0m  [1m[34mSELECT "ar_internal_metadata".* FROM "ar_internal_metadata" WHERE "ar_internal_metadata"."key" = ? LIMIT ?[0m  [["key", "environment"], ["LIMIT", 1]]
  [1m[35m (0.1ms)[0m  [1m[34mSELECT sqlite_version(*)[0m
  [1m[35m (0.3ms)[0m  [1m[34mSELECT "schema_migrations"."version" FROM "schema_migrations" ORDER BY "schema_migrations"."version" ASC[0m
  [1m[35m (0.5ms)[0m  [1m[34mSELECT sqlite_version(*)[0m
  [1m[35m (0.2ms)[0m  [1m[34mSELECT "schema_migrations"."version" FROM "schema_migrations" ORDER BY "schema_migrations"."version" ASC[0m
  [1m[35m (0.5ms)[0m  [1m[34mSELECT sqlite_version(*)[0m
  [1m[35m (0.2ms)[0m  [1m[34mSELECT "schema_migrations"."version" FROM "schema_migrations" ORDER BY "schema_migrations"."version" ASC[0m
  [1m[35m (0.5ms)[0m  [1m[34mSELECT sqlite_version(*)[0m
  [1m[35m (0.2ms)[0m  [1m[34mSELECT "schema_migrations"."version" FROM "schema_migrations" ORDER BY "schema_migrations"."version" ASC[0m
Migrating to CreateTagsGossips (20201022165230)
  [1m[35m (0.1ms)[0m  [1m[36mbegin transaction[0m
  [1m[35m (0.6ms)[0m  [1m[35mCREATE TABLE "tags_gossips" ("id" integer PRIMARY KEY AUTOINCREMENT NOT NULL, "created_at" datetime(6) NOT NULL, "updated_at" datetime(6) NOT NULL)[0m
  [1m[35m (0.1ms)[0m  [1m[31mrollback transaction[0m
  [1m[35m (0.6ms)[0m  [1m[34mSELECT sqlite_version(*)[0m
  [1m[35m (0.3ms)[0m  [1m[34mSELECT "schema_migrations"."version" FROM "schema_migrations" ORDER BY "schema_migrations"."version" ASC[0m
  [1m[35m (0.5ms)[0m  [1m[34mSELECT sqlite_version(*)[0m
  [1m[35m (0.2ms)[0m  [1m[34mSELECT "schema_migrations"."version" FROM "schema_migrations" ORDER BY "schema_migrations"."version" ASC[0m
  [1m[35m (0.5ms)[0m  [1m[34mSELECT sqlite_version(*)[0m
  [1m[35m (0.2ms)[0m  [1m[34mSELECT "schema_migrations"."version" FROM "schema_migrations" ORDER BY "schema_migrations"."version" ASC[0m
  [1m[36mActiveRecord::InternalMetadata Load (0.3ms)[0m  [1m[34mSELECT "ar_internal_metadata".* FROM "ar_internal_metadata" WHERE "ar_internal_metadata"."key" = ? LIMIT ?[0m  [["key", "environment"], ["LIMIT", 1]]
  [1m[35m (0.1ms)[0m  [1m[34mSELECT sqlite_version(*)[0m
  [1m[35m (0.3ms)[0m  [1m[34mSELECT "schema_migrations"."version" FROM "schema_migrations" ORDER BY "schema_migrations"."version" ASC[0m
  [1m[35m (0.5ms)[0m  [1m[34mSELECT sqlite_version(*)[0m
  [1m[35m (0.2ms)[0m  [1m[34mSELECT "schema_migrations"."version" FROM "schema_migrations" ORDER BY "schema_migrations"."version" ASC[0m
  [1m[35m (0.5ms)[0m  [1m[34mSELECT sqlite_version(*)[0m
  [1m[35m (0.2ms)[0m  [1m[34mSELECT "schema_migrations"."version" FROM "schema_migrations" ORDER BY "schema_migrations"."version" ASC[0m
  [1m[35m (0.6ms)[0m  [1m[34mSELECT sqlite_version(*)[0m
  [1m[36mTagsGossip Load (0.4ms)[0m  [1m[34mSELECT "tags_gossips".* FROM "tags_gossips" LIMIT ?[0m  [["LIMIT", 11]]
  [1m[35m (0.5ms)[0m  [1m[34mSELECT sqlite_version(*)[0m
  [1m[35m (0.3ms)[0m  [1m[34mSELECT "schema_migrations"."version" FROM "schema_migrations" ORDER BY "schema_migrations"."version" ASC[0m
  [1m[35m (0.5ms)[0m  [1m[34mSELECT sqlite_version(*)[0m
  [1m[35m (0.2ms)[0m  [1m[34mSELECT "schema_migrations"."version" FROM "schema_migrations" ORDER BY "schema_migrations"."version" ASC[0m
  [1m[35m (0.5ms)[0m  [1m[34mSELECT sqlite_version(*)[0m
  [1m[35m (0.2ms)[0m  [1m[34mSELECT "schema_migrations"."version" FROM "schema_migrations" ORDER BY "schema_migrations"."version" ASC[0m
  [1m[35m (0.5ms)[0m  [1m[34mSELECT sqlite_version(*)[0m
  [1m[35m (0.2ms)[0m  [1m[34mSELECT "schema_migrations"."version" FROM "schema_migrations" ORDER BY "schema_migrations"."version" ASC[0m
  [1m[35m (0.5ms)[0m  [1m[34mSELECT sqlite_version(*)[0m
  [1m[35m (0.2ms)[0m  [1m[34mSELECT "schema_migrations"."version" FROM "schema_migrations" ORDER BY "schema_migrations"."version" ASC[0m
  [1m[36mActiveRecord::InternalMetadata Load (0.2ms)[0m  [1m[34mSELECT "ar_internal_metadata".* FROM "ar_internal_metadata" WHERE "ar_internal_metadata"."key" = ? LIMIT ?[0m  [["key", "environment"], ["LIMIT", 1]]
  [1m[35m (0.1ms)[0m  [1m[34mSELECT sqlite_version(*)[0m
  [1m[35m (0.2ms)[0m  [1m[34mSELECT "schema_migrations"."version" FROM "schema_migrations" ORDER BY "schema_migrations"."version" ASC[0m
  [1m[35m (0.5ms)[0m  [1m[34mSELECT sqlite_version(*)[0m
  [1m[35m (0.2ms)[0m  [1m[34mSELECT "schema_migrations"."version" FROM "schema_migrations" ORDER BY "schema_migrations"."version" ASC[0m
  [1m[35m (0.6ms)[0m  [1m[34mSELECT sqlite_version(*)[0m
  [1m[35m (0.2ms)[0m  [1m[34mSELECT "schema_migrations"."version" FROM "schema_migrations" ORDER BY "schema_migrations"."version" ASC[0m
  [1m[35m (0.1ms)[0m  [1m[34mSELECT "schema_migrations"."version" FROM "schema_migrations" ORDER BY "schema_migrations"."version" ASC[0m
  [1m[35m (0.1ms)[0m  [1m[34mSELECT "schema_migrations"."version" FROM "schema_migrations" ORDER BY "schema_migrations"."version" ASC[0m
  [1m[35m (0.1ms)[0m  [1m[34mSELECT "schema_migrations"."version" FROM "schema_migrations" ORDER BY "schema_migrations"."version" ASC[0m
Migrating to TagsGossips (20201022162358)
  [1m[35m (0.1ms)[0m  [1m[36mbegin transaction[0m
  [1m[35m (0.1ms)[0m  [1m[35mPRAGMA foreign_keys[0m
  [1m[35m (0.1ms)[0m  [1m[35mPRAGMA defer_foreign_keys[0m
  [1m[35m (0.1ms)[0m  [1m[35mPRAGMA defer_foreign_keys = ON[0m
  [1m[35m (0.1ms)[0m  [1m[35mPRAGMA foreign_keys = OFF[0m
  [1m[35m (0.3ms)[0m  [1m[35mCREATE TEMPORARY TABLE "atags" ("id" integer NOT NULL PRIMARY KEY, "title" varchar DEFAULT NULL, "created_at" datetime(6) NOT NULL, "updated_at" datetime(6) NOT NULL, "tags_gossip_id" integer DEFAULT NULL)[0m
  [1m[35m (0.2ms)[0m  [1m[35mCREATE  INDEX "tindex_atags_on_atags_gossip_id" ON "atags" ("tags_gossip_id")[0m
  [1m[35m (0.1ms)[0m  [1m[32mINSERT INTO "atags" ("id","title","created_at","updated_at","tags_gossip_id")
                     SELECT "id","title","created_at","updated_at","tags_gossip_id" FROM "tags"[0m
  [1m[35m (0.8ms)[0m  [1m[35mDROP TABLE "tags"[0m
  [1m[35m (0.3ms)[0m  [1m[35mCREATE TABLE "tags" ("id" integer NOT NULL PRIMARY KEY, "title" varchar DEFAULT NULL, "created_at" datetime(6) NOT NULL, "updated_at" datetime(6) NOT NULL, "tags_gossip_id" integer DEFAULT NULL)[0m
  [1m[35m (0.3ms)[0m  [1m[35mCREATE  INDEX "index_tags_on_tags_gossip_id" ON "tags" ("tags_gossip_id")[0m
  [1m[35m (0.1ms)[0m  [1m[32mINSERT INTO "tags" ("id","title","created_at","updated_at","tags_gossip_id")
                     SELECT "id","title","created_at","updated_at","tags_gossip_id" FROM "atags"[0m
  [1m[35m (0.2ms)[0m  [1m[35mDROP TABLE "atags"[0m
  [1m[35m (0.1ms)[0m  [1m[35mPRAGMA defer_foreign_keys = 0[0m
  [1m[35m (0.1ms)[0m  [1m[35mPRAGMA foreign_keys = 1[0m
  [1m[35m (0.1ms)[0m  [1m[35mPRAGMA foreign_keys[0m
  [1m[35m (0.1ms)[0m  [1m[35mPRAGMA defer_foreign_keys[0m
  [1m[35m (0.1ms)[0m  [1m[35mPRAGMA defer_foreign_keys = ON[0m
  [1m[35m (0.2ms)[0m  [1m[35mPRAGMA foreign_keys = OFF[0m
  [1m[35m (0.2ms)[0m  [1m[35mCREATE TEMPORARY TABLE "atags" ("id" integer NOT NULL PRIMARY KEY, "title" varchar DEFAULT NULL, "created_at" datetime(6) NOT NULL, "updated_at" datetime(6) NOT NULL, "tags_gossip_id" integer DEFAULT NULL)[0m
  [1m[35m (0.2ms)[0m  [1m[35mCREATE  INDEX "tindex_atags_on_atags_gossip_id" ON "atags" ("tags_gossip_id")[0m
  [1m[35m (0.1ms)[0m  [1m[32mINSERT INTO "atags" ("id","title","created_at","updated_at","tags_gossip_id")
                     SELECT "id","title","created_at","updated_at","tags_gossip_id" FROM "tags"[0m
  [1m[35m (0.2ms)[0m  [1m[35mDROP TABLE "tags"[0m
  [1m[35m (0.2ms)[0m  [1m[35mCREATE TABLE "tags" ("id" integer NOT NULL PRIMARY KEY, "title" varchar DEFAULT NULL, "created_at" datetime(6) NOT NULL, "updated_at" datetime(6) NOT NULL)[0m
  [1m[35m (0.1ms)[0m  [1m[32mINSERT INTO "tags" ("id","title","created_at","updated_at")
                     SELECT "id","title","created_at","updated_at" FROM "atags"[0m
  [1m[35m (0.2ms)[0m  [1m[35mDROP TABLE "atags"[0m
  [1m[35m (0.1ms)[0m  [1m[35mPRAGMA defer_foreign_keys = 0[0m
  [1m[35m (0.1ms)[0m  [1m[35mPRAGMA foreign_keys = 1[0m
  [1m[35m (0.1ms)[0m  [1m[35mPRAGMA foreign_keys[0m
  [1m[35m (0.1ms)[0m  [1m[35mPRAGMA defer_foreign_keys[0m
  [1m[35m (0.1ms)[0m  [1m[35mPRAGMA defer_foreign_keys = ON[0m
  [1m[35m (0.1ms)[0m  [1m[35mPRAGMA foreign_keys = OFF[0m
  [1m[35m (0.2ms)[0m  [1m[35mCREATE TEMPORARY TABLE "apotins" ("id" integer NOT NULL PRIMARY KEY, "title" varchar DEFAULT NULL, "content" text DEFAULT NULL, "created_at" datetime(6) NOT NULL, "updated_at" datetime(6) NOT NULL, "user_id" integer DEFAULT NULL, "tags_gossip_id" integer DEFAULT NULL)[0m
  [1m[35m (0.2ms)[0m  [1m[35mCREATE  INDEX "tindex_apotins_on_tags_gossip_id" ON "apotins" ("tags_gossip_id")[0m
  [1m[35m (0.2ms)[0m  [1m[35mCREATE  INDEX "tindex_apotins_on_user_id" ON "apotins" ("user_id")[0m
  [1m[35m (0.2ms)[0m  [1m[32mINSERT INTO "apotins" ("id","title","content","created_at","updated_at","user_id","tags_gossip_id")
                     SELECT "id","title","content","created_at","updated_at","user_id","tags_gossip_id" FROM "potins"[0m
  [1m[35m (0.4ms)[0m  [1m[35mDROP TABLE "potins"[0m
  [1m[35m (0.2ms)[0m  [1m[35mCREATE TABLE "potins" ("id" integer NOT NULL PRIMARY KEY, "title" varchar DEFAULT NULL, "content" text DEFAULT NULL, "created_at" datetime(6) NOT NULL, "updated_at" datetime(6) NOT NULL, "user_id" integer DEFAULT NULL, "tags_gossip_id" integer DEFAULT NULL, CONSTRAINT "fk_rails_609c735131"
FOREIGN KEY ("user_id")
  REFERENCES "users" ("id")
)[0m
  [1m[35m (0.2ms)[0m  [1m[35mCREATE  INDEX "index_potins_on_user_id" ON "potins" ("user_id")[0m
  [1m[35m (0.3ms)[0m  [1m[35mCREATE  INDEX "index_potins_on_tags_gossip_id" ON "potins" ("tags_gossip_id")[0m
  [1m[35m (0.2ms)[0m  [1m[32mINSERT INTO "potins" ("id","title","content","created_at","updated_at","user_id","tags_gossip_id")
                     SELECT "id","title","content","created_at","updated_at","user_id","tags_gossip_id" FROM "apotins"[0m
  [1m[35m (0.3ms)[0m  [1m[35mDROP TABLE "apotins"[0m
  [1m[35m (0.1ms)[0m  [1m[35mPRAGMA defer_foreign_keys = 0[0m
  [1m[35m (0.1ms)[0m  [1m[35mPRAGMA foreign_keys = 1[0m
  [1m[35m (0.1ms)[0m  [1m[35mPRAGMA foreign_keys[0m
  [1m[35m (0.1ms)[0m  [1m[35mPRAGMA defer_foreign_keys[0m
  [1m[35m (0.1ms)[0m  [1m[35mPRAGMA defer_foreign_keys = ON[0m
  [1m[35m (0.1ms)[0m  [1m[35mPRAGMA foreign_keys = OFF[0m
  [1m[35m (0.2ms)[0m  [1m[35mCREATE TEMPORARY TABLE "apotins" ("id" integer NOT NULL PRIMARY KEY, "title" varchar DEFAULT NULL, "content" text DEFAULT NULL, "created_at" datetime(6) NOT NULL, "updated_at" datetime(6) NOT NULL, "user_id" integer DEFAULT NULL, "tags_gossip_id" integer DEFAULT NULL)[0m
  [1m[35m (0.2ms)[0m  [1m[35mCREATE  INDEX "tindex_apotins_on_tags_gossip_id" ON "apotins" ("tags_gossip_id")[0m
  [1m[35m (0.2ms)[0m  [1m[35mCREATE  INDEX "tindex_apotins_on_user_id" ON "apotins" ("user_id")[0m
  [1m[35m (0.2ms)[0m  [1m[32mINSERT INTO "apotins" ("id","title","content","created_at","updated_at","user_id","tags_gossip_id")
                     SELECT "id","title","content","created_at","updated_at","user_id","tags_gossip_id" FROM "potins"[0m
  [1m[35m (0.3ms)[0m  [1m[35mDROP TABLE "potins"[0m
  [1m[35m (0.2ms)[0m  [1m[35mCREATE TABLE "potins" ("id" integer NOT NULL PRIMARY KEY, "title" varchar DEFAULT NULL, "content" text DEFAULT NULL, "created_at" datetime(6) NOT NULL, "updated_at" datetime(6) NOT NULL, "user_id" integer DEFAULT NULL, CONSTRAINT "fk_rails_609c735131"
FOREIGN KEY ("user_id")
  REFERENCES "users" ("id")
)[0m
  [1m[35m (0.2ms)[0m  [1m[35mCREATE  INDEX "index_potins_on_user_id" ON "potins" ("user_id")[0m
  [1m[35m (0.2ms)[0m  [1m[32mINSERT INTO "potins" ("id","title","content","created_at","updated_at","user_id")
                     SELECT "id","title","content","created_at","updated_at","user_id" FROM "apotins"[0m
  [1m[35m (0.2ms)[0m  [1m[35mDROP TABLE "apotins"[0m
  [1m[35m (0.1ms)[0m  [1m[35mPRAGMA defer_foreign_keys = 0[0m
  [1m[35m (0.1ms)[0m  [1m[35mPRAGMA foreign_keys = 1[0m
  [1m[35m (0.5ms)[0m  [1m[35mDROP TABLE "tags_gossips"[0m
  [1m[36mprimary::SchemaMigration Destroy (0.3ms)[0m  [1m[31mDELETE FROM "schema_migrations" WHERE "schema_migrations"."version" = ?[0m  [["version", "20201022162358"]]
  [1m[35m (121.4ms)[0m  [1m[36mcommit transaction[0m
  [1m[35m (0.1ms)[0m  [1m[34mSELECT sqlite_version(*)[0m
  [1m[35m (0.2ms)[0m  [1m[34mSELECT "schema_migrations"."version" FROM "schema_migrations" ORDER BY "schema_migrations"."version" ASC[0m
  [1m[35m (0.5ms)[0m  [1m[34mSELECT sqlite_version(*)[0m
  [1m[35m (0.2ms)[0m  [1m[34mSELECT "schema_migrations"."version" FROM "schema_migrations" ORDER BY "schema_migrations"."version" ASC[0m
Migrating to CreateTaggossips (20201022162358)
  [1m[35m (0.6ms)[0m  [1m[34mSELECT sqlite_version(*)[0m
  [1m[35m (0.3ms)[0m  [1m[34mSELECT "schema_migrations"."version" FROM "schema_migrations" ORDER BY "schema_migrations"."version" ASC[0m
Migrating to CreateTaggossips (20201022175135)
  [1m[35m (0.2ms)[0m  [1m[36mbegin transaction[0m
  [1m[35m (0.6ms)[0m  [1m[35mCREATE TABLE "taggossips" ("id" integer PRIMARY KEY AUTOINCREMENT NOT NULL)[0m
  [1m[36mprimary::SchemaMigration Create (0.3ms)[0m  [1m[32mINSERT INTO "schema_migrations" ("version") VALUES (?)[0m  [["version", "20201022175135"]]
  [1m[35m (97.7ms)[0m  [1m[36mcommit transaction[0m
  [1m[36mActiveRecord::InternalMetadata Load (0.3ms)[0m  [1m[34mSELECT "ar_internal_metadata".* FROM "ar_internal_metadata" WHERE "ar_internal_metadata"."key" = ? LIMIT ?[0m  [["key", "environment"], ["LIMIT", 1]]
  [1m[35m (0.1ms)[0m  [1m[34mSELECT sqlite_version(*)[0m
  [1m[35m (0.2ms)[0m  [1m[34mSELECT "schema_migrations"."version" FROM "schema_migrations" ORDER BY "schema_migrations"."version" ASC[0m
  [1m[35m (0.5ms)[0m  [1m[34mSELECT sqlite_version(*)[0m
  [1m[35m (0.2ms)[0m  [1m[34mSELECT "schema_migrations"."version" FROM "schema_migrations" ORDER BY "schema_migrations"."version" ASC[0m
  [1m[35m (0.5ms)[0m  [1m[34mSELECT sqlite_version(*)[0m
  [1m[35m (0.2ms)[0m  [1m[34mSELECT "schema_migrations"."version" FROM "schema_migrations" ORDER BY "schema_migrations"."version" ASC[0m
  [1m[35m (0.1ms)[0m  [1m[34mSELECT sqlite_version(*)[0m
  [1m[36mPotin Load (0.3ms)[0m  [1m[34mSELECT "potins".* FROM "potins"[0m
  [1m[35m (0.6ms)[0m  [1m[34mSELECT sqlite_version(*)[0m
  [1m[35m (0.3ms)[0m  [1m[34mSELECT "schema_migrations"."version" FROM "schema_migrations" ORDER BY "schema_migrations"."version" ASC[0m
  [1m[35m (0.1ms)[0m  [1m[34mSELECT sqlite_version(*)[0m
  [1m[36mPotin Load (0.3ms)[0m  [1m[34mSELECT "potins".* FROM "potins"[0m
  [1m[36mTag Load (0.3ms)[0m  [1m[34mSELECT "tags".* FROM "tags"[0m
  [1m[35m (0.5ms)[0m  [1m[34mSELECT sqlite_version(*)[0m
  [1m[35m (0.2ms)[0m  [1m[34mSELECT "schema_migrations"."version" FROM "schema_migrations" ORDER BY "schema_migrations"."version" ASC[0m
  [1m[35m (0.1ms)[0m  [1m[34mSELECT sqlite_version(*)[0m
  [1m[36mPotin Load (0.3ms)[0m  [1m[34mSELECT "potins".* FROM "potins"[0m
  [1m[36mTag Load (0.2ms)[0m  [1m[34mSELECT "tags".* FROM "tags"[0m
